<?xml version="1.0" encoding="UTF-8"?>
<testsuite name="io.temporal.samples.hello.HelloActivityExclusiveChoiceJUnit5Test" tests="1" skipped="0" failures="0" errors="0" timestamp="2023-11-17T10:04:07" hostname="himanshukapoor" time="0.316">
  <properties/>
  <testcase name="testWorkflow(PurchaseFruitsWorkflow)" classname="io.temporal.samples.hello.HelloActivityExclusiveChoiceJUnit5Test" time="0.316"/>
  <system-out><![CDATA[11:04:07.343 { } [Test worker] INFO  i.t.s.WorkflowServiceStubsImpl - Created WorkflowServiceStubs for channel: ManagedChannelOrphanWrapper{delegate=ManagedChannelImpl{logId=12, target=directaddress:///cb56f589-8147-40f2-be77-5ea69749ddcf}} 
11:04:07.343 { } [Test worker] INFO  i.t.s.TestServiceStubsImpl - Created TestServiceStubs for channel: ManagedChannelOrphanWrapper{delegate=ManagedChannelImpl{logId=12, target=directaddress:///cb56f589-8147-40f2-be77-5ea69749ddcf}} 
11:04:07.344 { } [Test worker] INFO  i.t.s.OperatorServiceStubsImpl - Created OperatorServiceStubs for channel: ManagedChannelOrphanWrapper{delegate=ManagedChannelImpl{logId=12, target=directaddress:///cb56f589-8147-40f2-be77-5ea69749ddcf}} 
11:04:07.345 { } [Test worker] INFO  io.temporal.internal.worker.Poller - start: Poller{name=Workflow Poller taskQueue="WorkflowTest-testWorkflow(PurchaseFruitsWorkflow)-[engine:junit-jupiter]/[class:io.temporal.samples.hello.HelloActivityExclusiveChoiceJUnit5Test]/[method:testWorkflow(io.temporal.samples.hello.HelloActivityExclusiveChoice$PurchaseFruitsWorkflow)]", namespace="UnitTest", identity=78715@himanshukapoor} 
11:04:07.346 { } [Test worker] INFO  io.temporal.internal.worker.Poller - start: Poller{name=Activity Poller taskQueue="WorkflowTest-testWorkflow(PurchaseFruitsWorkflow)-[engine:junit-jupiter]/[class:io.temporal.samples.hello.HelloActivityExclusiveChoiceJUnit5Test]/[method:testWorkflow(io.temporal.samples.hello.HelloActivityExclusiveChoice$PurchaseFruitsWorkflow)]", namespace="UnitTest", identity=78715@himanshukapoor} 
11:04:07.395 { } [Test worker] INFO  i.t.s.TestServiceStubsImpl - shutdownNow 
11:04:07.395 { } [Test worker] INFO  i.t.s.OperatorServiceStubsImpl - shutdownNow 
11:04:07.396 { } [Test worker] INFO  io.temporal.worker.WorkerFactory - shutdownNow: WorkerFactory{identity=78715@himanshukapoor} 
11:04:07.396 { } [Test worker] INFO  io.temporal.internal.worker.Poller - shutdown: Poller{name=Workflow Poller taskQueue="WorkflowTest-testWorkflow(PurchaseFruitsWorkflow)-[engine:junit-jupiter]/[class:io.temporal.samples.hello.HelloActivityExclusiveChoiceJUnit5Test]/[method:testWorkflow(io.temporal.samples.hello.HelloActivityExclusiveChoice$PurchaseFruitsWorkflow)]", namespace="UnitTest", identity=78715@himanshukapoor} 
11:04:07.396 { } [Workflow Poller taskQueue="WorkflowTest-testWorkflow(PurchaseFruitsWorkflow)-[engine:junit-jupiter]/[class:io.temporal.samples.hello.HelloActivityExclusiveChoiceJUnit5Test]/[method:testWorkflow(io.temporal.samples.hello.HelloActivityExclusiveChoice$PurchaseFruitsWorkflow)]", namespace="UnitTest": 4] INFO  io.temporal.internal.worker.Poller - poll loop is terminated: WorkflowPollTask 
11:04:07.396 { } [Workflow Poller taskQueue="WorkflowTest-testWorkflow(PurchaseFruitsWorkflow)-[engine:junit-jupiter]/[class:io.temporal.samples.hello.HelloActivityExclusiveChoiceJUnit5Test]/[method:testWorkflow(io.temporal.samples.hello.HelloActivityExclusiveChoice$PurchaseFruitsWorkflow)]", namespace="UnitTest": 2] INFO  io.temporal.internal.worker.Poller - poll loop is terminated: WorkflowPollTask 
11:04:07.396 { } [Workflow Poller taskQueue="WorkflowTest-testWorkflow(PurchaseFruitsWorkflow)-[engine:junit-jupiter]/[class:io.temporal.samples.hello.HelloActivityExclusiveChoiceJUnit5Test]/[method:testWorkflow(io.temporal.samples.hello.HelloActivityExclusiveChoice$PurchaseFruitsWorkflow)]", namespace="UnitTest": 1] INFO  io.temporal.internal.worker.Poller - poll loop is terminated: WorkflowPollTask 
11:04:07.396 { } [Test worker] INFO  io.temporal.worker.WorkerFactory - awaitTermination begin: WorkerFactory{identity=78715@himanshukapoor} 
11:04:07.396 { } [TemporalShutdownManager: 1] INFO  io.temporal.internal.worker.Poller - shutdown: Poller{name=Activity Poller taskQueue="WorkflowTest-testWorkflow(PurchaseFruitsWorkflow)-[engine:junit-jupiter]/[class:io.temporal.samples.hello.HelloActivityExclusiveChoiceJUnit5Test]/[method:testWorkflow(io.temporal.samples.hello.HelloActivityExclusiveChoice$PurchaseFruitsWorkflow)]", namespace="UnitTest", identity=78715@himanshukapoor} 
11:04:07.396 { } [Workflow Poller taskQueue="WorkflowTest-testWorkflow(PurchaseFruitsWorkflow)-[engine:junit-jupiter]/[class:io.temporal.samples.hello.HelloActivityExclusiveChoiceJUnit5Test]/[method:testWorkflow(io.temporal.samples.hello.HelloActivityExclusiveChoice$PurchaseFruitsWorkflow)]", namespace="UnitTest": 3] INFO  io.temporal.internal.worker.Poller - poll loop is terminated: WorkflowPollTask 
11:04:07.396 { } [Activity Poller taskQueue="WorkflowTest-testWorkflow(PurchaseFruitsWorkflow)-[engine:junit-jupiter]/[class:io.temporal.samples.hello.HelloActivityExclusiveChoiceJUnit5Test]/[method:testWorkflow(io.temporal.samples.hello.HelloActivityExclusiveChoice$PurchaseFruitsWorkflow)]", namespace="UnitTest": 2] INFO  io.temporal.internal.worker.Poller - poll loop is terminated: ActivityPollTask 
11:04:07.396 { } [Workflow Poller taskQueue="WorkflowTest-testWorkflow(PurchaseFruitsWorkflow)-[engine:junit-jupiter]/[class:io.temporal.samples.hello.HelloActivityExclusiveChoiceJUnit5Test]/[method:testWorkflow(io.temporal.samples.hello.HelloActivityExclusiveChoice$PurchaseFruitsWorkflow)]", namespace="UnitTest": 5] INFO  io.temporal.internal.worker.Poller - poll loop is terminated: WorkflowPollTask 
11:04:07.396 { } [Activity Poller taskQueue="WorkflowTest-testWorkflow(PurchaseFruitsWorkflow)-[engine:junit-jupiter]/[class:io.temporal.samples.hello.HelloActivityExclusiveChoiceJUnit5Test]/[method:testWorkflow(io.temporal.samples.hello.HelloActivityExclusiveChoice$PurchaseFruitsWorkflow)]", namespace="UnitTest": 1] INFO  io.temporal.internal.worker.Poller - poll loop is terminated: ActivityPollTask 
11:04:07.396 { } [Activity Poller taskQueue="WorkflowTest-testWorkflow(PurchaseFruitsWorkflow)-[engine:junit-jupiter]/[class:io.temporal.samples.hello.HelloActivityExclusiveChoiceJUnit5Test]/[method:testWorkflow(io.temporal.samples.hello.HelloActivityExclusiveChoice$PurchaseFruitsWorkflow)]", namespace="UnitTest": 5] INFO  io.temporal.internal.worker.Poller - poll loop is terminated: ActivityPollTask 
11:04:07.396 { } [Activity Poller taskQueue="WorkflowTest-testWorkflow(PurchaseFruitsWorkflow)-[engine:junit-jupiter]/[class:io.temporal.samples.hello.HelloActivityExclusiveChoiceJUnit5Test]/[method:testWorkflow(io.temporal.samples.hello.HelloActivityExclusiveChoice$PurchaseFruitsWorkflow)]", namespace="UnitTest": 3] INFO  io.temporal.internal.worker.Poller - poll loop is terminated: ActivityPollTask 
11:04:07.396 { } [Activity Poller taskQueue="WorkflowTest-testWorkflow(PurchaseFruitsWorkflow)-[engine:junit-jupiter]/[class:io.temporal.samples.hello.HelloActivityExclusiveChoiceJUnit5Test]/[method:testWorkflow(io.temporal.samples.hello.HelloActivityExclusiveChoice$PurchaseFruitsWorkflow)]", namespace="UnitTest": 4] INFO  io.temporal.internal.worker.Poller - poll loop is terminated: ActivityPollTask 
11:04:07.653 { } [Test worker] INFO  io.temporal.worker.WorkerFactory - awaitTermination done: WorkerFactory{identity=78715@himanshukapoor} 
11:04:07.656 { } [Test worker] INFO  i.t.s.WorkflowServiceStubsImpl - shutdownNow 
11:04:07.656 { } [Test worker] INFO  io.temporal.testserver.TestServer - Shutting down in-process gRPC server 
11:04:07.656 { } [Test worker] INFO  io.temporal.testserver.TestServer - Shutting down gRPC Services 
]]></system-out>
  <system-err><![CDATA[]]></system-err>
</testsuite>
