<?xml version="1.0" encoding="UTF-8"?>
<testsuite name="io.temporal.samples.bookingsaga.TripBookingWorkflowJUnit5Test" tests="2" skipped="0" failures="0" errors="0" timestamp="2023-11-17T10:04:05" hostname="himanshukapoor" time="1.673">
  <properties/>
  <testcase name="testSAGA(TestWorkflowEnvironment, Worker, TripBookingWorkflow)" classname="io.temporal.samples.bookingsaga.TripBookingWorkflowJUnit5Test" time="1.397"/>
  <testcase name="testTripBookingFails(TestWorkflowEnvironment, Worker, TripBookingWorkflow)" classname="io.temporal.samples.bookingsaga.TripBookingWorkflowJUnit5Test" time="0.275"/>
  <system-out><![CDATA[11:04:05.958 { } [Test worker] INFO  i.t.s.WorkflowServiceStubsImpl - Created WorkflowServiceStubs for channel: ManagedChannelOrphanWrapper{delegate=ManagedChannelImpl{logId=2, target=directaddress:///30993096-5cf6-430f-a072-8629334be7ed}} 
11:04:05.963 { } [Test worker] INFO  i.t.s.TestServiceStubsImpl - Created TestServiceStubs for channel: ManagedChannelOrphanWrapper{delegate=ManagedChannelImpl{logId=2, target=directaddress:///30993096-5cf6-430f-a072-8629334be7ed}} 
11:04:05.966 { } [Test worker] INFO  i.t.s.OperatorServiceStubsImpl - Created OperatorServiceStubs for channel: ManagedChannelOrphanWrapper{delegate=ManagedChannelImpl{logId=2, target=directaddress:///30993096-5cf6-430f-a072-8629334be7ed}} 
11:04:06.555 { } [Test worker] INFO  io.temporal.internal.worker.Poller - start: Poller{name=Workflow Poller taskQueue="WorkflowTest-testSAGA(TestWorkflowEnvironment, Worker, TripBookingWorkflow)-[engine:junit-jupiter]/[class:io.temporal.samples.bookingsaga.TripBookingWorkflowJUnit5Test]/[method:testSAGA(io.temporal.testing.TestWorkflowEnvironment, io.temporal.worker.Worker, io.temporal.samples.bookingsaga.TripBookingWorkflow)]", namespace="UnitTest", identity=78715@himanshukapoor} 
11:04:06.558 { } [Test worker] INFO  io.temporal.internal.worker.Poller - start: Poller{name=Activity Poller taskQueue="WorkflowTest-testSAGA(TestWorkflowEnvironment, Worker, TripBookingWorkflow)-[engine:junit-jupiter]/[class:io.temporal.samples.bookingsaga.TripBookingWorkflowJUnit5Test]/[method:testSAGA(io.temporal.testing.TestWorkflowEnvironment, io.temporal.worker.Worker, io.temporal.samples.bookingsaga.TripBookingWorkflow)]", namespace="UnitTest", identity=78715@himanshukapoor} 
11:04:06.770 {1e28d562-f2ec-4cbd-a1e7-d038cbbe1b56 d4df2a88-4582-3346-8d06-7a37591bafa8} [Activity Executor taskQueue="WorkflowTest-testSAGA(TestWorkflowEnvironment, Worker, TripBookingWorkflow)-[engine:junit-jupiter]/[class:io.temporal.samples.bookingsaga.TripBookingWorkflowJUnit5Test]/[method:testSAGA(io.temporal.testing.TestWorkflowEnvironment, io.temporal.worker.Worker, io.temporal.samples.bookingsaga.TripBookingWorkflow)]", namespace="UnitTest": 1] WARN  i.t.i.a.ActivityTaskExecutors$ActivityTaskExecutor - Activity failure. ActivityId=d4df2a88-4582-3346-8d06-7a37591bafa8, activityType=BookFlight, attempt=1 
java.lang.RuntimeException: Flight booking did not work
	at java.base/jdk.internal.reflect.NativeMethodAccessorImpl.invoke0(Native Method)
	at java.base/jdk.internal.reflect.NativeMethodAccessorImpl.invoke(NativeMethodAccessorImpl.java:77)
	at java.base/jdk.internal.reflect.DelegatingMethodAccessorImpl.invoke(DelegatingMethodAccessorImpl.java:43)
	at java.base/java.lang.reflect.Method.invoke(Method.java:568)
	at io.temporal.internal.activity.RootActivityInboundCallsInterceptor$POJOActivityInboundCallsInterceptor.executeActivity(RootActivityInboundCallsInterceptor.java:64)
	at io.temporal.internal.activity.RootActivityInboundCallsInterceptor.execute(RootActivityInboundCallsInterceptor.java:43)
	at io.temporal.internal.activity.ActivityTaskExecutors$BaseActivityTaskExecutor.execute(ActivityTaskExecutors.java:107)
	at io.temporal.internal.activity.ActivityTaskHandlerImpl.handle(ActivityTaskHandlerImpl.java:124)
	at io.temporal.internal.worker.ActivityWorker$TaskHandlerImpl.handleActivity(ActivityWorker.java:278)
	at io.temporal.internal.worker.ActivityWorker$TaskHandlerImpl.handle(ActivityWorker.java:243)
	at io.temporal.internal.worker.ActivityWorker$TaskHandlerImpl.handle(ActivityWorker.java:216)
	at io.temporal.internal.worker.PollTaskExecutor.lambda$process$0(PollTaskExecutor.java:105)
	at java.base/java.util.concurrent.ThreadPoolExecutor.runWorker(ThreadPoolExecutor.java:1136)
	at java.base/java.util.concurrent.ThreadPoolExecutor$Worker.run(ThreadPoolExecutor.java:635)
	at java.base/java.lang.Thread.run(Thread.java:833)
11:04:06.787 {1e28d562-f2ec-4cbd-a1e7-d038cbbe1b56 } [workflow-method-1e28d562-f2ec-4cbd-a1e7-d038cbbe1b56-ce03aa56-0138-4e3a-81e7-7d7296b82593] WARN  i.t.i.sync.WorkflowExecutionHandler - Workflow execution failure WorkflowId='1e28d562-f2ec-4cbd-a1e7-d038cbbe1b56', RunId=ce03aa56-0138-4e3a-81e7-7d7296b82593, WorkflowType='TripBookingWorkflow' 
io.temporal.failure.ActivityFailure: Activity with activityType='BookFlight' failed: 'Activity task failed'. scheduledEventId=17, startedEventId=18, activityId=d4df2a88-4582-3346-8d06-7a37591bafa8, identity='78715@himanshukapoor', retryState=RETRY_STATE_MAXIMUM_ATTEMPTS_REACHED
	at java.base/java.lang.Thread.getStackTrace(Thread.java:1610)
	at io.temporal.internal.sync.ActivityStubBase.execute(ActivityStubBase.java:49)
	at io.temporal.internal.sync.ActivityInvocationHandler.lambda$getActivityFunc$0(ActivityInvocationHandler.java:83)
	at io.temporal.internal.sync.ActivityInvocationHandlerBase.invoke(ActivityInvocationHandlerBase.java:60)
	at jdk.proxy3/jdk.proxy3.$Proxy79.bookFlight(Unknown Source)
	at io.temporal.samples.bookingsaga.TripBookingWorkflowImpl.bookTrip(TripBookingWorkflowImpl.java:52)
	at java.base/jdk.internal.reflect.NativeMethodAccessorImpl.invoke0(Native Method)
	at java.base/jdk.internal.reflect.NativeMethodAccessorImpl.invoke(NativeMethodAccessorImpl.java:77)
	at java.base/jdk.internal.reflect.DelegatingMethodAccessorImpl.invoke(DelegatingMethodAccessorImpl.java:43)
	at java.base/java.lang.reflect.Method.invoke(Method.java:568)
	at io.temporal.internal.sync.POJOWorkflowImplementationFactory$POJOWorkflowImplementation$RootWorkflowInboundCallsInterceptor.execute(POJOWorkflowImplementationFactory.java:339)
	at io.temporal.internal.sync.POJOWorkflowImplementationFactory$POJOWorkflowImplementation.execute(POJOWorkflowImplementationFactory.java:314)
	at io.temporal.internal.sync.WorkflowExecutionHandler.runWorkflowMethod(WorkflowExecutionHandler.java:70)
	at io.temporal.internal.sync.SyncWorkflow.lambda$start$0(SyncWorkflow.java:135)
	at io.temporal.internal.sync.CancellationScopeImpl.run(CancellationScopeImpl.java:102)
	at io.temporal.internal.sync.WorkflowThreadImpl$RunnableWrapper.run(WorkflowThreadImpl.java:107)
	at io.temporal.worker.ActiveThreadReportingExecutor.lambda$submit$0(ActiveThreadReportingExecutor.java:53)
	at java.base/java.util.concurrent.Executors$RunnableAdapter.call(Executors.java:539)
	at java.base/java.util.concurrent.FutureTask.run(FutureTask.java:264)
	at java.base/java.util.concurrent.ThreadPoolExecutor.runWorker(ThreadPoolExecutor.java:1136)
	at java.base/java.util.concurrent.ThreadPoolExecutor$Worker.run(ThreadPoolExecutor.java:635)
	at java.base/java.lang.Thread.run(Thread.java:833)
Caused by: io.temporal.failure.ApplicationFailure: message='Flight booking did not work', type='java.lang.RuntimeException', nonRetryable=false
	at java.base/jdk.internal.reflect.NativeMethodAccessorImpl.invoke0(Native Method:0)
	at java.base/jdk.internal.reflect.NativeMethodAccessorImpl.invoke(NativeMethodAccessorImpl.java:77)
	at java.base/jdk.internal.reflect.DelegatingMethodAccessorImpl.invoke(DelegatingMethodAccessorImpl.java:43)
	at java.base/java.lang.reflect.Method.invoke(Method.java:568)
	at io.temporal.internal.activity.RootActivityInboundCallsInterceptor$POJOActivityInboundCallsInterceptor.executeActivity(RootActivityInboundCallsInterceptor.java:64)
	at io.temporal.internal.activity.RootActivityInboundCallsInterceptor.execute(RootActivityInboundCallsInterceptor.java:43)
	at io.temporal.internal.activity.ActivityTaskExecutors$BaseActivityTaskExecutor.execute(ActivityTaskExecutors.java:107)
	at io.temporal.internal.activity.ActivityTaskHandlerImpl.handle(ActivityTaskHandlerImpl.java:124)
	at io.temporal.internal.worker.ActivityWorker$TaskHandlerImpl.handleActivity(ActivityWorker.java:278)
	at io.temporal.internal.worker.ActivityWorker$TaskHandlerImpl.handle(ActivityWorker.java:243)
	at io.temporal.internal.worker.ActivityWorker$TaskHandlerImpl.handle(ActivityWorker.java:216)
	at io.temporal.internal.worker.PollTaskExecutor.lambda$process$0(PollTaskExecutor.java:105)
	at java.base/java.util.concurrent.ThreadPoolExecutor.runWorker(ThreadPoolExecutor.java:1136)
	at java.base/java.util.concurrent.ThreadPoolExecutor$Worker.run(ThreadPoolExecutor.java:635)
	at java.base/java.lang.Thread.run(Thread.java:833)
11:04:06.798 { } [Test worker] INFO  i.t.s.TestServiceStubsImpl - shutdownNow 
11:04:06.798 { } [Test worker] INFO  i.t.s.OperatorServiceStubsImpl - shutdownNow 
11:04:06.798 { } [Test worker] INFO  io.temporal.worker.WorkerFactory - shutdownNow: WorkerFactory{identity=78715@himanshukapoor} 
11:04:06.799 { } [Test worker] INFO  io.temporal.internal.worker.Poller - shutdown: Poller{name=Workflow Poller taskQueue="WorkflowTest-testSAGA(TestWorkflowEnvironment, Worker, TripBookingWorkflow)-[engine:junit-jupiter]/[class:io.temporal.samples.bookingsaga.TripBookingWorkflowJUnit5Test]/[method:testSAGA(io.temporal.testing.TestWorkflowEnvironment, io.temporal.worker.Worker, io.temporal.samples.bookingsaga.TripBookingWorkflow)]", namespace="UnitTest", identity=78715@himanshukapoor} 
11:04:06.800 { } [Workflow Poller taskQueue="WorkflowTest-testSAGA(TestWorkflowEnvironment, Worker, TripBookingWorkflow)-[engine:junit-jupiter]/[class:io.temporal.samples.bookingsaga.TripBookingWorkflowJUnit5Test]/[method:testSAGA(io.temporal.testing.TestWorkflowEnvironment, io.temporal.worker.Worker, io.temporal.samples.bookingsaga.TripBookingWorkflow)]", namespace="UnitTest": 1] INFO  io.temporal.internal.worker.Poller - poll loop is terminated: WorkflowPollTask 
11:04:06.800 { } [Workflow Poller taskQueue="WorkflowTest-testSAGA(TestWorkflowEnvironment, Worker, TripBookingWorkflow)-[engine:junit-jupiter]/[class:io.temporal.samples.bookingsaga.TripBookingWorkflowJUnit5Test]/[method:testSAGA(io.temporal.testing.TestWorkflowEnvironment, io.temporal.worker.Worker, io.temporal.samples.bookingsaga.TripBookingWorkflow)]", namespace="UnitTest": 4] INFO  io.temporal.internal.worker.Poller - poll loop is terminated: WorkflowPollTask 
11:04:06.800 { } [Workflow Poller taskQueue="WorkflowTest-testSAGA(TestWorkflowEnvironment, Worker, TripBookingWorkflow)-[engine:junit-jupiter]/[class:io.temporal.samples.bookingsaga.TripBookingWorkflowJUnit5Test]/[method:testSAGA(io.temporal.testing.TestWorkflowEnvironment, io.temporal.worker.Worker, io.temporal.samples.bookingsaga.TripBookingWorkflow)]", namespace="UnitTest": 3] INFO  io.temporal.internal.worker.Poller - poll loop is terminated: WorkflowPollTask 
11:04:06.800 { } [Workflow Poller taskQueue="WorkflowTest-testSAGA(TestWorkflowEnvironment, Worker, TripBookingWorkflow)-[engine:junit-jupiter]/[class:io.temporal.samples.bookingsaga.TripBookingWorkflowJUnit5Test]/[method:testSAGA(io.temporal.testing.TestWorkflowEnvironment, io.temporal.worker.Worker, io.temporal.samples.bookingsaga.TripBookingWorkflow)]", namespace="UnitTest": 5] INFO  io.temporal.internal.worker.Poller - poll loop is terminated: WorkflowPollTask 
11:04:06.800 { } [Workflow Poller taskQueue="WorkflowTest-testSAGA(TestWorkflowEnvironment, Worker, TripBookingWorkflow)-[engine:junit-jupiter]/[class:io.temporal.samples.bookingsaga.TripBookingWorkflowJUnit5Test]/[method:testSAGA(io.temporal.testing.TestWorkflowEnvironment, io.temporal.worker.Worker, io.temporal.samples.bookingsaga.TripBookingWorkflow)]", namespace="UnitTest": 2] INFO  io.temporal.internal.worker.Poller - poll loop is terminated: WorkflowPollTask 
11:04:06.801 { } [Test worker] INFO  io.temporal.internal.worker.Poller - shutdown: Poller{name=Activity Poller taskQueue="WorkflowTest-testSAGA(TestWorkflowEnvironment, Worker, TripBookingWorkflow)-[engine:junit-jupiter]/[class:io.temporal.samples.bookingsaga.TripBookingWorkflowJUnit5Test]/[method:testSAGA(io.temporal.testing.TestWorkflowEnvironment, io.temporal.worker.Worker, io.temporal.samples.bookingsaga.TripBookingWorkflow)]", namespace="UnitTest", identity=78715@himanshukapoor} 
11:04:06.801 { } [Activity Poller taskQueue="WorkflowTest-testSAGA(TestWorkflowEnvironment, Worker, TripBookingWorkflow)-[engine:junit-jupiter]/[class:io.temporal.samples.bookingsaga.TripBookingWorkflowJUnit5Test]/[method:testSAGA(io.temporal.testing.TestWorkflowEnvironment, io.temporal.worker.Worker, io.temporal.samples.bookingsaga.TripBookingWorkflow)]", namespace="UnitTest": 4] INFO  io.temporal.internal.worker.Poller - poll loop is terminated: ActivityPollTask 
11:04:06.801 { } [Activity Poller taskQueue="WorkflowTest-testSAGA(TestWorkflowEnvironment, Worker, TripBookingWorkflow)-[engine:junit-jupiter]/[class:io.temporal.samples.bookingsaga.TripBookingWorkflowJUnit5Test]/[method:testSAGA(io.temporal.testing.TestWorkflowEnvironment, io.temporal.worker.Worker, io.temporal.samples.bookingsaga.TripBookingWorkflow)]", namespace="UnitTest": 3] INFO  io.temporal.internal.worker.Poller - poll loop is terminated: ActivityPollTask 
11:04:06.801 { } [Activity Poller taskQueue="WorkflowTest-testSAGA(TestWorkflowEnvironment, Worker, TripBookingWorkflow)-[engine:junit-jupiter]/[class:io.temporal.samples.bookingsaga.TripBookingWorkflowJUnit5Test]/[method:testSAGA(io.temporal.testing.TestWorkflowEnvironment, io.temporal.worker.Worker, io.temporal.samples.bookingsaga.TripBookingWorkflow)]", namespace="UnitTest": 2] INFO  io.temporal.internal.worker.Poller - poll loop is terminated: ActivityPollTask 
11:04:06.801 { } [Activity Poller taskQueue="WorkflowTest-testSAGA(TestWorkflowEnvironment, Worker, TripBookingWorkflow)-[engine:junit-jupiter]/[class:io.temporal.samples.bookingsaga.TripBookingWorkflowJUnit5Test]/[method:testSAGA(io.temporal.testing.TestWorkflowEnvironment, io.temporal.worker.Worker, io.temporal.samples.bookingsaga.TripBookingWorkflow)]", namespace="UnitTest": 1] INFO  io.temporal.internal.worker.Poller - poll loop is terminated: ActivityPollTask 
11:04:06.801 { } [Activity Poller taskQueue="WorkflowTest-testSAGA(TestWorkflowEnvironment, Worker, TripBookingWorkflow)-[engine:junit-jupiter]/[class:io.temporal.samples.bookingsaga.TripBookingWorkflowJUnit5Test]/[method:testSAGA(io.temporal.testing.TestWorkflowEnvironment, io.temporal.worker.Worker, io.temporal.samples.bookingsaga.TripBookingWorkflow)]", namespace="UnitTest": 5] INFO  io.temporal.internal.worker.Poller - poll loop is terminated: ActivityPollTask 
11:04:06.802 { } [Test worker] INFO  io.temporal.worker.WorkerFactory - awaitTermination begin: WorkerFactory{identity=78715@himanshukapoor} 
11:04:07.056 { } [Test worker] INFO  io.temporal.worker.WorkerFactory - awaitTermination done: WorkerFactory{identity=78715@himanshukapoor} 
11:04:07.056 { } [Test worker] INFO  i.t.s.WorkflowServiceStubsImpl - shutdownNow 
11:04:07.056 { } [Test worker] INFO  io.temporal.testserver.TestServer - Shutting down in-process gRPC server 
11:04:07.058 { } [Test worker] INFO  io.temporal.testserver.TestServer - Shutting down gRPC Services 
11:04:07.063 { } [Test worker] INFO  i.t.s.WorkflowServiceStubsImpl - Created WorkflowServiceStubs for channel: ManagedChannelOrphanWrapper{delegate=ManagedChannelImpl{logId=7, target=directaddress:///bd881a73-1afb-4184-829c-585e3fc3d9ed}} 
11:04:07.063 { } [Test worker] INFO  i.t.s.TestServiceStubsImpl - Created TestServiceStubs for channel: ManagedChannelOrphanWrapper{delegate=ManagedChannelImpl{logId=7, target=directaddress:///bd881a73-1afb-4184-829c-585e3fc3d9ed}} 
11:04:07.063 { } [Test worker] INFO  i.t.s.OperatorServiceStubsImpl - Created OperatorServiceStubs for channel: ManagedChannelOrphanWrapper{delegate=ManagedChannelImpl{logId=7, target=directaddress:///bd881a73-1afb-4184-829c-585e3fc3d9ed}} 
11:04:07.066 { } [Test worker] INFO  io.temporal.internal.worker.Poller - start: Poller{name=Workflow Poller taskQueue="WorkflowTest-testTripBookingFails(TestWorkflowEnvironment, Worker, TripBookingWorkflow)-[engine:junit-jupiter]/[class:io.temporal.samples.bookingsaga.TripBookingWorkflowJUnit5Test]/[method:testTripBookingFails(io.temporal.testing.TestWorkflowEnvironment, io.temporal.worker.Worker, io.temporal.samples.bookingsaga.TripBookingWorkflow)]", namespace="UnitTest", identity=78715@himanshukapoor} 
11:04:07.066 { } [Test worker] INFO  io.temporal.internal.worker.Poller - start: Poller{name=Activity Poller taskQueue="WorkflowTest-testTripBookingFails(TestWorkflowEnvironment, Worker, TripBookingWorkflow)-[engine:junit-jupiter]/[class:io.temporal.samples.bookingsaga.TripBookingWorkflowJUnit5Test]/[method:testTripBookingFails(io.temporal.testing.TestWorkflowEnvironment, io.temporal.worker.Worker, io.temporal.samples.bookingsaga.TripBookingWorkflow)]", namespace="UnitTest", identity=78715@himanshukapoor} 
reserve car for 'trip1'
booking hotel for 'trip1'
failing to book flight for 'trip1'
11:04:07.073 {c843f8d4-7ba3-4c17-8e13-c3e6ac5de9fe 38766b40-9891-3407-b1df-977bf2efdba4} [Activity Executor taskQueue="WorkflowTest-testTripBookingFails(TestWorkflowEnvironment, Worker, TripBookingWorkflow)-[engine:junit-jupiter]/[class:io.temporal.samples.bookingsaga.TripBookingWorkflowJUnit5Test]/[method:testTripBookingFails(io.temporal.testing.TestWorkflowEnvironment, io.temporal.worker.Worker, io.temporal.samples.bookingsaga.TripBookingWorkflow)]", namespace="UnitTest": 1] WARN  i.t.i.a.ActivityTaskExecutors$ActivityTaskExecutor - Activity failure. ActivityId=38766b40-9891-3407-b1df-977bf2efdba4, activityType=BookFlight, attempt=1 
java.lang.RuntimeException: Flight booking did not work
	at io.temporal.samples.bookingsaga.TripBookingActivitiesImpl.bookFlight(TripBookingActivitiesImpl.java:34)
	at java.base/jdk.internal.reflect.NativeMethodAccessorImpl.invoke0(Native Method)
	at java.base/jdk.internal.reflect.NativeMethodAccessorImpl.invoke(NativeMethodAccessorImpl.java:77)
	at java.base/jdk.internal.reflect.DelegatingMethodAccessorImpl.invoke(DelegatingMethodAccessorImpl.java:43)
	at java.base/java.lang.reflect.Method.invoke(Method.java:568)
	at io.temporal.internal.activity.RootActivityInboundCallsInterceptor$POJOActivityInboundCallsInterceptor.executeActivity(RootActivityInboundCallsInterceptor.java:64)
	at io.temporal.internal.activity.RootActivityInboundCallsInterceptor.execute(RootActivityInboundCallsInterceptor.java:43)
	at io.temporal.internal.activity.ActivityTaskExecutors$BaseActivityTaskExecutor.execute(ActivityTaskExecutors.java:107)
	at io.temporal.internal.activity.ActivityTaskHandlerImpl.handle(ActivityTaskHandlerImpl.java:124)
	at io.temporal.internal.worker.ActivityWorker$TaskHandlerImpl.handleActivity(ActivityWorker.java:278)
	at io.temporal.internal.worker.ActivityWorker$TaskHandlerImpl.handle(ActivityWorker.java:243)
	at io.temporal.internal.worker.ActivityWorker$TaskHandlerImpl.handle(ActivityWorker.java:216)
	at io.temporal.internal.worker.PollTaskExecutor.lambda$process$0(PollTaskExecutor.java:105)
	at java.base/java.util.concurrent.ThreadPoolExecutor.runWorker(ThreadPoolExecutor.java:1136)
	at java.base/java.util.concurrent.ThreadPoolExecutor$Worker.run(ThreadPoolExecutor.java:635)
	at java.base/java.lang.Thread.run(Thread.java:833)
cancelling car reservation '75135979-e2b9-4125-b66d-4b57fd535b18' for 'trip1'
cancelling hotel reservation '235bcf2a-fc8b-4797-9e6b-38ebd54629c9' for 'trip1'
11:04:07.077 {c843f8d4-7ba3-4c17-8e13-c3e6ac5de9fe } [workflow-method-c843f8d4-7ba3-4c17-8e13-c3e6ac5de9fe-7c4bd805-a838-49bb-abe1-14a1be0da02a] WARN  i.t.i.sync.WorkflowExecutionHandler - Workflow execution failure WorkflowId='c843f8d4-7ba3-4c17-8e13-c3e6ac5de9fe', RunId=7c4bd805-a838-49bb-abe1-14a1be0da02a, WorkflowType='TripBookingWorkflow' 
io.temporal.failure.ActivityFailure: Activity with activityType='BookFlight' failed: 'Activity task failed'. scheduledEventId=17, startedEventId=18, activityId=38766b40-9891-3407-b1df-977bf2efdba4, identity='78715@himanshukapoor', retryState=RETRY_STATE_MAXIMUM_ATTEMPTS_REACHED
	at java.base/java.lang.Thread.getStackTrace(Thread.java:1610)
	at io.temporal.internal.sync.ActivityStubBase.execute(ActivityStubBase.java:49)
	at io.temporal.internal.sync.ActivityInvocationHandler.lambda$getActivityFunc$0(ActivityInvocationHandler.java:83)
	at io.temporal.internal.sync.ActivityInvocationHandlerBase.invoke(ActivityInvocationHandlerBase.java:60)
	at jdk.proxy3/jdk.proxy3.$Proxy79.bookFlight(Unknown Source)
	at io.temporal.samples.bookingsaga.TripBookingWorkflowImpl.bookTrip(TripBookingWorkflowImpl.java:52)
	at java.base/jdk.internal.reflect.NativeMethodAccessorImpl.invoke0(Native Method)
	at java.base/jdk.internal.reflect.NativeMethodAccessorImpl.invoke(NativeMethodAccessorImpl.java:77)
	at java.base/jdk.internal.reflect.DelegatingMethodAccessorImpl.invoke(DelegatingMethodAccessorImpl.java:43)
	at java.base/java.lang.reflect.Method.invoke(Method.java:568)
	at io.temporal.internal.sync.POJOWorkflowImplementationFactory$POJOWorkflowImplementation$RootWorkflowInboundCallsInterceptor.execute(POJOWorkflowImplementationFactory.java:339)
	at io.temporal.internal.sync.POJOWorkflowImplementationFactory$POJOWorkflowImplementation.execute(POJOWorkflowImplementationFactory.java:314)
	at io.temporal.internal.sync.WorkflowExecutionHandler.runWorkflowMethod(WorkflowExecutionHandler.java:70)
	at io.temporal.internal.sync.SyncWorkflow.lambda$start$0(SyncWorkflow.java:135)
	at io.temporal.internal.sync.CancellationScopeImpl.run(CancellationScopeImpl.java:102)
	at io.temporal.internal.sync.WorkflowThreadImpl$RunnableWrapper.run(WorkflowThreadImpl.java:107)
	at io.temporal.worker.ActiveThreadReportingExecutor.lambda$submit$0(ActiveThreadReportingExecutor.java:53)
	at java.base/java.util.concurrent.Executors$RunnableAdapter.call(Executors.java:539)
	at java.base/java.util.concurrent.FutureTask.run(FutureTask.java:264)
	at java.base/java.util.concurrent.ThreadPoolExecutor.runWorker(ThreadPoolExecutor.java:1136)
	at java.base/java.util.concurrent.ThreadPoolExecutor$Worker.run(ThreadPoolExecutor.java:635)
	at java.base/java.lang.Thread.run(Thread.java:833)
Caused by: io.temporal.failure.ApplicationFailure: message='Flight booking did not work', type='java.lang.RuntimeException', nonRetryable=false
	at io.temporal.samples.bookingsaga.TripBookingActivitiesImpl.bookFlight(TripBookingActivitiesImpl.java:34)
	at java.base/jdk.internal.reflect.NativeMethodAccessorImpl.invoke0(Native Method:0)
	at java.base/jdk.internal.reflect.NativeMethodAccessorImpl.invoke(NativeMethodAccessorImpl.java:77)
	at java.base/jdk.internal.reflect.DelegatingMethodAccessorImpl.invoke(DelegatingMethodAccessorImpl.java:43)
	at java.base/java.lang.reflect.Method.invoke(Method.java:568)
	at io.temporal.internal.activity.RootActivityInboundCallsInterceptor$POJOActivityInboundCallsInterceptor.executeActivity(RootActivityInboundCallsInterceptor.java:64)
	at io.temporal.internal.activity.RootActivityInboundCallsInterceptor.execute(RootActivityInboundCallsInterceptor.java:43)
	at io.temporal.internal.activity.ActivityTaskExecutors$BaseActivityTaskExecutor.execute(ActivityTaskExecutors.java:107)
	at io.temporal.internal.activity.ActivityTaskHandlerImpl.handle(ActivityTaskHandlerImpl.java:124)
	at io.temporal.internal.worker.ActivityWorker$TaskHandlerImpl.handleActivity(ActivityWorker.java:278)
	at io.temporal.internal.worker.ActivityWorker$TaskHandlerImpl.handle(ActivityWorker.java:243)
	at io.temporal.internal.worker.ActivityWorker$TaskHandlerImpl.handle(ActivityWorker.java:216)
	at io.temporal.internal.worker.PollTaskExecutor.lambda$process$0(PollTaskExecutor.java:105)
	at java.base/java.util.concurrent.ThreadPoolExecutor.runWorker(ThreadPoolExecutor.java:1136)
	at java.base/java.util.concurrent.ThreadPoolExecutor$Worker.run(ThreadPoolExecutor.java:635)
	at java.base/java.lang.Thread.run(Thread.java:833)
11:04:07.079 { } [Test worker] INFO  i.t.s.TestServiceStubsImpl - shutdownNow 
11:04:07.079 { } [Test worker] INFO  i.t.s.OperatorServiceStubsImpl - shutdownNow 
11:04:07.079 { } [Test worker] INFO  io.temporal.worker.WorkerFactory - shutdownNow: WorkerFactory{identity=78715@himanshukapoor} 
11:04:07.079 { } [Test worker] INFO  io.temporal.internal.worker.Poller - shutdown: Poller{name=Workflow Poller taskQueue="WorkflowTest-testTripBookingFails(TestWorkflowEnvironment, Worker, TripBookingWorkflow)-[engine:junit-jupiter]/[class:io.temporal.samples.bookingsaga.TripBookingWorkflowJUnit5Test]/[method:testTripBookingFails(io.temporal.testing.TestWorkflowEnvironment, io.temporal.worker.Worker, io.temporal.samples.bookingsaga.TripBookingWorkflow)]", namespace="UnitTest", identity=78715@himanshukapoor} 
11:04:07.079 { } [Workflow Poller taskQueue="WorkflowTest-testTripBookingFails(TestWorkflowEnvironment, Worker, TripBookingWorkflow)-[engine:junit-jupiter]/[class:io.temporal.samples.bookingsaga.TripBookingWorkflowJUnit5Test]/[method:testTripBookingFails(io.temporal.testing.TestWorkflowEnvironment, io.temporal.worker.Worker, io.temporal.samples.bookingsaga.TripBookingWorkflow)]", namespace="UnitTest": 5] INFO  io.temporal.internal.worker.Poller - poll loop is terminated: WorkflowPollTask 
11:04:07.079 { } [Workflow Poller taskQueue="WorkflowTest-testTripBookingFails(TestWorkflowEnvironment, Worker, TripBookingWorkflow)-[engine:junit-jupiter]/[class:io.temporal.samples.bookingsaga.TripBookingWorkflowJUnit5Test]/[method:testTripBookingFails(io.temporal.testing.TestWorkflowEnvironment, io.temporal.worker.Worker, io.temporal.samples.bookingsaga.TripBookingWorkflow)]", namespace="UnitTest": 3] INFO  io.temporal.internal.worker.Poller - poll loop is terminated: WorkflowPollTask 
11:04:07.079 { } [Workflow Poller taskQueue="WorkflowTest-testTripBookingFails(TestWorkflowEnvironment, Worker, TripBookingWorkflow)-[engine:junit-jupiter]/[class:io.temporal.samples.bookingsaga.TripBookingWorkflowJUnit5Test]/[method:testTripBookingFails(io.temporal.testing.TestWorkflowEnvironment, io.temporal.worker.Worker, io.temporal.samples.bookingsaga.TripBookingWorkflow)]", namespace="UnitTest": 1] INFO  io.temporal.internal.worker.Poller - poll loop is terminated: WorkflowPollTask 
11:04:07.079 { } [Workflow Poller taskQueue="WorkflowTest-testTripBookingFails(TestWorkflowEnvironment, Worker, TripBookingWorkflow)-[engine:junit-jupiter]/[class:io.temporal.samples.bookingsaga.TripBookingWorkflowJUnit5Test]/[method:testTripBookingFails(io.temporal.testing.TestWorkflowEnvironment, io.temporal.worker.Worker, io.temporal.samples.bookingsaga.TripBookingWorkflow)]", namespace="UnitTest": 4] INFO  io.temporal.internal.worker.Poller - poll loop is terminated: WorkflowPollTask 
11:04:07.079 { } [Workflow Poller taskQueue="WorkflowTest-testTripBookingFails(TestWorkflowEnvironment, Worker, TripBookingWorkflow)-[engine:junit-jupiter]/[class:io.temporal.samples.bookingsaga.TripBookingWorkflowJUnit5Test]/[method:testTripBookingFails(io.temporal.testing.TestWorkflowEnvironment, io.temporal.worker.Worker, io.temporal.samples.bookingsaga.TripBookingWorkflow)]", namespace="UnitTest": 2] INFO  io.temporal.internal.worker.Poller - poll loop is terminated: WorkflowPollTask 
11:04:07.079 { } [Test worker] INFO  io.temporal.worker.WorkerFactory - awaitTermination begin: WorkerFactory{identity=78715@himanshukapoor} 
11:04:07.079 { } [TemporalShutdownManager: 1] INFO  io.temporal.internal.worker.Poller - shutdown: Poller{name=Activity Poller taskQueue="WorkflowTest-testTripBookingFails(TestWorkflowEnvironment, Worker, TripBookingWorkflow)-[engine:junit-jupiter]/[class:io.temporal.samples.bookingsaga.TripBookingWorkflowJUnit5Test]/[method:testTripBookingFails(io.temporal.testing.TestWorkflowEnvironment, io.temporal.worker.Worker, io.temporal.samples.bookingsaga.TripBookingWorkflow)]", namespace="UnitTest", identity=78715@himanshukapoor} 
11:04:07.080 { } [Activity Poller taskQueue="WorkflowTest-testTripBookingFails(TestWorkflowEnvironment, Worker, TripBookingWorkflow)-[engine:junit-jupiter]/[class:io.temporal.samples.bookingsaga.TripBookingWorkflowJUnit5Test]/[method:testTripBookingFails(io.temporal.testing.TestWorkflowEnvironment, io.temporal.worker.Worker, io.temporal.samples.bookingsaga.TripBookingWorkflow)]", namespace="UnitTest": 5] INFO  io.temporal.internal.worker.Poller - poll loop is terminated: ActivityPollTask 
11:04:07.080 { } [Activity Poller taskQueue="WorkflowTest-testTripBookingFails(TestWorkflowEnvironment, Worker, TripBookingWorkflow)-[engine:junit-jupiter]/[class:io.temporal.samples.bookingsaga.TripBookingWorkflowJUnit5Test]/[method:testTripBookingFails(io.temporal.testing.TestWorkflowEnvironment, io.temporal.worker.Worker, io.temporal.samples.bookingsaga.TripBookingWorkflow)]", namespace="UnitTest": 3] INFO  io.temporal.internal.worker.Poller - poll loop is terminated: ActivityPollTask 
11:04:07.080 { } [Activity Poller taskQueue="WorkflowTest-testTripBookingFails(TestWorkflowEnvironment, Worker, TripBookingWorkflow)-[engine:junit-jupiter]/[class:io.temporal.samples.bookingsaga.TripBookingWorkflowJUnit5Test]/[method:testTripBookingFails(io.temporal.testing.TestWorkflowEnvironment, io.temporal.worker.Worker, io.temporal.samples.bookingsaga.TripBookingWorkflow)]", namespace="UnitTest": 2] INFO  io.temporal.internal.worker.Poller - poll loop is terminated: ActivityPollTask 
11:04:07.080 { } [Activity Poller taskQueue="WorkflowTest-testTripBookingFails(TestWorkflowEnvironment, Worker, TripBookingWorkflow)-[engine:junit-jupiter]/[class:io.temporal.samples.bookingsaga.TripBookingWorkflowJUnit5Test]/[method:testTripBookingFails(io.temporal.testing.TestWorkflowEnvironment, io.temporal.worker.Worker, io.temporal.samples.bookingsaga.TripBookingWorkflow)]", namespace="UnitTest": 4] INFO  io.temporal.internal.worker.Poller - poll loop is terminated: ActivityPollTask 
11:04:07.080 { } [Activity Poller taskQueue="WorkflowTest-testTripBookingFails(TestWorkflowEnvironment, Worker, TripBookingWorkflow)-[engine:junit-jupiter]/[class:io.temporal.samples.bookingsaga.TripBookingWorkflowJUnit5Test]/[method:testTripBookingFails(io.temporal.testing.TestWorkflowEnvironment, io.temporal.worker.Worker, io.temporal.samples.bookingsaga.TripBookingWorkflow)]", namespace="UnitTest": 1] INFO  io.temporal.internal.worker.Poller - poll loop is terminated: ActivityPollTask 
11:04:07.335 { } [Test worker] INFO  io.temporal.worker.WorkerFactory - awaitTermination done: WorkerFactory{identity=78715@himanshukapoor} 
11:04:07.335 { } [Test worker] INFO  i.t.s.WorkflowServiceStubsImpl - shutdownNow 
11:04:07.335 { } [Test worker] INFO  io.temporal.testserver.TestServer - Shutting down in-process gRPC server 
11:04:07.336 { } [Test worker] INFO  io.temporal.testserver.TestServer - Shutting down gRPC Services 
]]></system-out>
  <system-err><![CDATA[]]></system-err>
</testsuite>
