<?xml version="1.0" encoding="UTF-8"?>
<testsuite name="io.temporal.samples.hello.HelloActivityReplayTest" tests="2" skipped="0" failures="0" errors="0" timestamp="2023-11-17T10:04:28" hostname="himanshukapoor" time="0.877">
  <properties/>
  <testcase name="replayWorkflowExecutionNonDeterministic" classname="io.temporal.samples.hello.HelloActivityReplayTest" time="0.6"/>
  <testcase name="replayWorkflowExecution" classname="io.temporal.samples.hello.HelloActivityReplayTest" time="0.277"/>
  <system-out><![CDATA[11:04:28.521 { } [Test worker] INFO  i.t.s.WorkflowServiceStubsImpl - Created WorkflowServiceStubs for channel: ManagedChannelOrphanWrapper{delegate=ManagedChannelImpl{logId=118, target=directaddress:///673f80b8-9bc8-4beb-b88f-3c18c8034a33}} 
11:04:28.522 { } [Test worker] INFO  i.t.s.TestServiceStubsImpl - Created TestServiceStubs for channel: ManagedChannelOrphanWrapper{delegate=ManagedChannelImpl{logId=118, target=directaddress:///673f80b8-9bc8-4beb-b88f-3c18c8034a33}} 
11:04:28.522 { } [Test worker] INFO  i.t.s.OperatorServiceStubsImpl - Created OperatorServiceStubs for channel: ManagedChannelOrphanWrapper{delegate=ManagedChannelImpl{logId=118, target=directaddress:///673f80b8-9bc8-4beb-b88f-3c18c8034a33}} 
11:04:28.525 { } [Test worker] INFO  io.temporal.internal.worker.Poller - start: Poller{name=Workflow Poller taskQueue="WorkflowTest-replayWorkflowExecutionNonDeterministic-d62296d6-12a9-4002-8a15-9f9de0e6243e", namespace="UnitTest", identity=78715@himanshukapoor} 
11:04:28.526 { } [Test worker] INFO  io.temporal.internal.worker.Poller - start: Poller{name=Activity Poller taskQueue="WorkflowTest-replayWorkflowExecutionNonDeterministic-d62296d6-12a9-4002-8a15-9f9de0e6243e", namespace="UnitTest", identity=78715@himanshukapoor} 
11:04:28.534 {fc85d91c-bcb6-4fe5-9819-599d0ed6e790 1a112334-4382-3f58-b3c9-5e68d973f90a} [Activity Executor taskQueue="WorkflowTest-replayWorkflowExecutionNonDeterministic-d62296d6-12a9-4002-8a15-9f9de0e6243e", namespace="UnitTest": 1] INFO  i.t.s.h.HelloActivity$GreetingActivitiesImpl - Composing greeting... 
11:04:28.605 { } [Test worker] INFO  i.t.s.WorkflowServiceStubsImpl - Created WorkflowServiceStubs for channel: ManagedChannelOrphanWrapper{delegate=ManagedChannelImpl{logId=123, target=directaddress:///8cea8cba-a290-421a-af6a-9f91f24343df}} 
11:04:28.605 { } [Test worker] INFO  i.t.s.TestServiceStubsImpl - Created TestServiceStubs for channel: ManagedChannelOrphanWrapper{delegate=ManagedChannelImpl{logId=123, target=directaddress:///8cea8cba-a290-421a-af6a-9f91f24343df}} 
11:04:28.605 { } [Test worker] INFO  i.t.s.OperatorServiceStubsImpl - Created OperatorServiceStubs for channel: ManagedChannelOrphanWrapper{delegate=ManagedChannelImpl{logId=123, target=directaddress:///8cea8cba-a290-421a-af6a-9f91f24343df}} 
11:04:28.608 { } [Test worker] INFO  i.t.s.TestServiceStubsImpl - shutdownNow 
11:04:28.608 { } [Test worker] INFO  i.t.s.OperatorServiceStubsImpl - shutdownNow 
11:04:28.608 { } [Test worker] INFO  io.temporal.worker.WorkerFactory - shutdownNow: WorkerFactory{identity=78715@himanshukapoor} 
11:04:28.608 { } [Test worker] INFO  io.temporal.worker.WorkerFactory - awaitTermination begin: WorkerFactory{identity=78715@himanshukapoor} 
11:04:28.608 { } [Test worker] INFO  io.temporal.worker.WorkerFactory - awaitTermination done: WorkerFactory{identity=78715@himanshukapoor} 
11:04:28.608 { } [Test worker] INFO  i.t.s.WorkflowServiceStubsImpl - shutdownNow 
11:04:28.608 { } [Test worker] INFO  io.temporal.testserver.TestServer - Shutting down in-process gRPC server 
11:04:28.608 { } [Test worker] INFO  io.temporal.testserver.TestServer - Shutting down gRPC Services 
11:04:28.610 { } [Test worker] INFO  i.t.s.TestServiceStubsImpl - shutdownNow 
11:04:28.610 { } [Test worker] INFO  i.t.s.OperatorServiceStubsImpl - shutdownNow 
11:04:28.610 { } [Test worker] INFO  io.temporal.worker.WorkerFactory - shutdownNow: WorkerFactory{identity=78715@himanshukapoor} 
11:04:28.610 { } [Test worker] INFO  io.temporal.internal.worker.Poller - shutdown: Poller{name=Workflow Poller taskQueue="WorkflowTest-replayWorkflowExecutionNonDeterministic-d62296d6-12a9-4002-8a15-9f9de0e6243e", namespace="UnitTest", identity=78715@himanshukapoor} 
11:04:28.610 { } [Workflow Poller taskQueue="WorkflowTest-replayWorkflowExecutionNonDeterministic-d62296d6-12a9-4002-8a15-9f9de0e6243e", namespace="UnitTest": 1] INFO  io.temporal.internal.worker.Poller - poll loop is terminated: WorkflowPollTask 
11:04:28.610 { } [Workflow Poller taskQueue="WorkflowTest-replayWorkflowExecutionNonDeterministic-d62296d6-12a9-4002-8a15-9f9de0e6243e", namespace="UnitTest": 4] INFO  io.temporal.internal.worker.Poller - poll loop is terminated: WorkflowPollTask 
11:04:28.610 { } [Workflow Poller taskQueue="WorkflowTest-replayWorkflowExecutionNonDeterministic-d62296d6-12a9-4002-8a15-9f9de0e6243e", namespace="UnitTest": 5] INFO  io.temporal.internal.worker.Poller - poll loop is terminated: WorkflowPollTask 
11:04:28.610 { } [Test worker] INFO  io.temporal.worker.WorkerFactory - awaitTermination begin: WorkerFactory{identity=78715@himanshukapoor} 
11:04:28.610 { } [Workflow Poller taskQueue="WorkflowTest-replayWorkflowExecutionNonDeterministic-d62296d6-12a9-4002-8a15-9f9de0e6243e", namespace="UnitTest": 2] INFO  io.temporal.internal.worker.Poller - poll loop is terminated: WorkflowPollTask 
11:04:28.610 { } [Workflow Poller taskQueue="WorkflowTest-replayWorkflowExecutionNonDeterministic-d62296d6-12a9-4002-8a15-9f9de0e6243e", namespace="UnitTest": 3] INFO  io.temporal.internal.worker.Poller - poll loop is terminated: WorkflowPollTask 
11:04:28.610 { } [TemporalShutdownManager: 1] INFO  io.temporal.internal.worker.Poller - shutdown: Poller{name=Activity Poller taskQueue="WorkflowTest-replayWorkflowExecutionNonDeterministic-d62296d6-12a9-4002-8a15-9f9de0e6243e", namespace="UnitTest", identity=78715@himanshukapoor} 
11:04:28.610 { } [Activity Poller taskQueue="WorkflowTest-replayWorkflowExecutionNonDeterministic-d62296d6-12a9-4002-8a15-9f9de0e6243e", namespace="UnitTest": 1] INFO  io.temporal.internal.worker.Poller - poll loop is terminated: ActivityPollTask 
11:04:28.610 { } [Activity Poller taskQueue="WorkflowTest-replayWorkflowExecutionNonDeterministic-d62296d6-12a9-4002-8a15-9f9de0e6243e", namespace="UnitTest": 3] INFO  io.temporal.internal.worker.Poller - poll loop is terminated: ActivityPollTask 
11:04:28.610 { } [Activity Poller taskQueue="WorkflowTest-replayWorkflowExecutionNonDeterministic-d62296d6-12a9-4002-8a15-9f9de0e6243e", namespace="UnitTest": 2] INFO  io.temporal.internal.worker.Poller - poll loop is terminated: ActivityPollTask 
11:04:28.610 { } [Activity Poller taskQueue="WorkflowTest-replayWorkflowExecutionNonDeterministic-d62296d6-12a9-4002-8a15-9f9de0e6243e", namespace="UnitTest": 4] INFO  io.temporal.internal.worker.Poller - poll loop is terminated: ActivityPollTask 
11:04:28.610 { } [Activity Poller taskQueue="WorkflowTest-replayWorkflowExecutionNonDeterministic-d62296d6-12a9-4002-8a15-9f9de0e6243e", namespace="UnitTest": 5] INFO  io.temporal.internal.worker.Poller - poll loop is terminated: ActivityPollTask 
11:04:29.118 { } [Test worker] INFO  io.temporal.worker.WorkerFactory - awaitTermination done: WorkerFactory{identity=78715@himanshukapoor} 
11:04:29.118 { } [Test worker] INFO  i.t.s.WorkflowServiceStubsImpl - shutdownNow 
11:04:29.118 { } [Test worker] INFO  io.temporal.testserver.TestServer - Shutting down in-process gRPC server 
11:04:29.118 { } [Test worker] INFO  io.temporal.testserver.TestServer - Shutting down gRPC Services 
11:04:29.120 { } [Test worker] INFO  i.t.s.WorkflowServiceStubsImpl - Created WorkflowServiceStubs for channel: ManagedChannelOrphanWrapper{delegate=ManagedChannelImpl{logId=128, target=directaddress:///92a4860a-0877-4f33-8b41-692a7a93204d}} 
11:04:29.120 { } [Test worker] INFO  i.t.s.TestServiceStubsImpl - Created TestServiceStubs for channel: ManagedChannelOrphanWrapper{delegate=ManagedChannelImpl{logId=128, target=directaddress:///92a4860a-0877-4f33-8b41-692a7a93204d}} 
11:04:29.120 { } [Test worker] INFO  i.t.s.OperatorServiceStubsImpl - Created OperatorServiceStubs for channel: ManagedChannelOrphanWrapper{delegate=ManagedChannelImpl{logId=128, target=directaddress:///92a4860a-0877-4f33-8b41-692a7a93204d}} 
11:04:29.121 { } [Test worker] INFO  io.temporal.internal.worker.Poller - start: Poller{name=Workflow Poller taskQueue="WorkflowTest-replayWorkflowExecution-a65648f1-57b9-421c-88db-490e5af35bdb", namespace="UnitTest", identity=78715@himanshukapoor} 
11:04:29.122 { } [Test worker] INFO  io.temporal.internal.worker.Poller - start: Poller{name=Activity Poller taskQueue="WorkflowTest-replayWorkflowExecution-a65648f1-57b9-421c-88db-490e5af35bdb", namespace="UnitTest", identity=78715@himanshukapoor} 
11:04:29.125 {bdaacb80-3807-4b73-aa35-05617ee50bb6 d4bfdfe0-e117-3fb5-8b42-ed260ec6a6f9} [Activity Executor taskQueue="WorkflowTest-replayWorkflowExecution-a65648f1-57b9-421c-88db-490e5af35bdb", namespace="UnitTest": 1] INFO  i.t.s.h.HelloActivity$GreetingActivitiesImpl - Composing greeting... 
11:04:29.140 { } [Test worker] INFO  i.t.s.WorkflowServiceStubsImpl - Created WorkflowServiceStubs for channel: ManagedChannelOrphanWrapper{delegate=ManagedChannelImpl{logId=133, target=directaddress:///82536f1f-d0c4-4ef0-9d6e-86356ab23983}} 
11:04:29.140 { } [Test worker] INFO  i.t.s.TestServiceStubsImpl - Created TestServiceStubs for channel: ManagedChannelOrphanWrapper{delegate=ManagedChannelImpl{logId=133, target=directaddress:///82536f1f-d0c4-4ef0-9d6e-86356ab23983}} 
11:04:29.140 { } [Test worker] INFO  i.t.s.OperatorServiceStubsImpl - Created OperatorServiceStubs for channel: ManagedChannelOrphanWrapper{delegate=ManagedChannelImpl{logId=133, target=directaddress:///82536f1f-d0c4-4ef0-9d6e-86356ab23983}} 
11:04:29.142 { } [Test worker] INFO  i.t.s.TestServiceStubsImpl - shutdownNow 
11:04:29.142 { } [Test worker] INFO  i.t.s.OperatorServiceStubsImpl - shutdownNow 
11:04:29.142 { } [Test worker] INFO  io.temporal.worker.WorkerFactory - shutdownNow: WorkerFactory{identity=78715@himanshukapoor} 
11:04:29.143 { } [Test worker] INFO  io.temporal.worker.WorkerFactory - awaitTermination begin: WorkerFactory{identity=78715@himanshukapoor} 
11:04:29.143 { } [Test worker] INFO  io.temporal.worker.WorkerFactory - awaitTermination done: WorkerFactory{identity=78715@himanshukapoor} 
11:04:29.143 { } [Test worker] INFO  i.t.s.WorkflowServiceStubsImpl - shutdownNow 
11:04:29.143 { } [Test worker] INFO  io.temporal.testserver.TestServer - Shutting down in-process gRPC server 
11:04:29.143 { } [Test worker] INFO  io.temporal.testserver.TestServer - Shutting down gRPC Services 
11:04:29.143 { } [Test worker] INFO  i.t.s.TestServiceStubsImpl - shutdownNow 
11:04:29.143 { } [Test worker] INFO  i.t.s.OperatorServiceStubsImpl - shutdownNow 
11:04:29.143 { } [Test worker] INFO  io.temporal.worker.WorkerFactory - shutdownNow: WorkerFactory{identity=78715@himanshukapoor} 
11:04:29.143 { } [Test worker] INFO  io.temporal.internal.worker.Poller - shutdown: Poller{name=Workflow Poller taskQueue="WorkflowTest-replayWorkflowExecution-a65648f1-57b9-421c-88db-490e5af35bdb", namespace="UnitTest", identity=78715@himanshukapoor} 
11:04:29.143 { } [Workflow Poller taskQueue="WorkflowTest-replayWorkflowExecution-a65648f1-57b9-421c-88db-490e5af35bdb", namespace="UnitTest": 2] INFO  io.temporal.internal.worker.Poller - poll loop is terminated: WorkflowPollTask 
11:04:29.143 { } [Workflow Poller taskQueue="WorkflowTest-replayWorkflowExecution-a65648f1-57b9-421c-88db-490e5af35bdb", namespace="UnitTest": 5] INFO  io.temporal.internal.worker.Poller - poll loop is terminated: WorkflowPollTask 
11:04:29.143 { } [Workflow Poller taskQueue="WorkflowTest-replayWorkflowExecution-a65648f1-57b9-421c-88db-490e5af35bdb", namespace="UnitTest": 4] INFO  io.temporal.internal.worker.Poller - poll loop is terminated: WorkflowPollTask 
11:04:29.143 { } [TemporalShutdownManager: 1] INFO  io.temporal.internal.worker.Poller - shutdown: Poller{name=Activity Poller taskQueue="WorkflowTest-replayWorkflowExecution-a65648f1-57b9-421c-88db-490e5af35bdb", namespace="UnitTest", identity=78715@himanshukapoor} 
11:04:29.143 { } [Workflow Poller taskQueue="WorkflowTest-replayWorkflowExecution-a65648f1-57b9-421c-88db-490e5af35bdb", namespace="UnitTest": 3] INFO  io.temporal.internal.worker.Poller - poll loop is terminated: WorkflowPollTask 
11:04:29.144 { } [Activity Poller taskQueue="WorkflowTest-replayWorkflowExecution-a65648f1-57b9-421c-88db-490e5af35bdb", namespace="UnitTest": 2] INFO  io.temporal.internal.worker.Poller - poll loop is terminated: ActivityPollTask 
11:04:29.143 { } [Workflow Poller taskQueue="WorkflowTest-replayWorkflowExecution-a65648f1-57b9-421c-88db-490e5af35bdb", namespace="UnitTest": 1] INFO  io.temporal.internal.worker.Poller - poll loop is terminated: WorkflowPollTask 
11:04:29.143 { } [Test worker] INFO  io.temporal.worker.WorkerFactory - awaitTermination begin: WorkerFactory{identity=78715@himanshukapoor} 
11:04:29.144 { } [Activity Poller taskQueue="WorkflowTest-replayWorkflowExecution-a65648f1-57b9-421c-88db-490e5af35bdb", namespace="UnitTest": 4] INFO  io.temporal.internal.worker.Poller - poll loop is terminated: ActivityPollTask 
11:04:29.144 { } [Activity Poller taskQueue="WorkflowTest-replayWorkflowExecution-a65648f1-57b9-421c-88db-490e5af35bdb", namespace="UnitTest": 3] INFO  io.temporal.internal.worker.Poller - poll loop is terminated: ActivityPollTask 
11:04:29.144 { } [Activity Poller taskQueue="WorkflowTest-replayWorkflowExecution-a65648f1-57b9-421c-88db-490e5af35bdb", namespace="UnitTest": 5] INFO  io.temporal.internal.worker.Poller - poll loop is terminated: ActivityPollTask 
11:04:29.144 { } [Activity Poller taskQueue="WorkflowTest-replayWorkflowExecution-a65648f1-57b9-421c-88db-490e5af35bdb", namespace="UnitTest": 1] INFO  io.temporal.internal.worker.Poller - poll loop is terminated: ActivityPollTask 
11:04:29.395 { } [Test worker] INFO  io.temporal.worker.WorkerFactory - awaitTermination done: WorkerFactory{identity=78715@himanshukapoor} 
11:04:29.395 { } [Test worker] INFO  i.t.s.WorkflowServiceStubsImpl - shutdownNow 
11:04:29.395 { } [Test worker] INFO  io.temporal.testserver.TestServer - Shutting down in-process gRPC server 
11:04:29.395 { } [Test worker] INFO  io.temporal.testserver.TestServer - Shutting down gRPC Services 
]]></system-out>
  <system-err><![CDATA[]]></system-err>
</testsuite>
