<?xml version="1.0" encoding="UTF-8"?>
<testsuite name="io.temporal.samples.batch.heartbeatingactivity.HeartbeatingActivityBatchWorkflowTest" tests="1" skipped="0" failures="0" errors="0" timestamp="2023-11-17T10:04:08" hostname="himanshukapoor" time="5.352">
  <properties/>
  <testcase name="testBatchWorkflow" classname="io.temporal.samples.batch.heartbeatingactivity.HeartbeatingActivityBatchWorkflowTest" time="5.352"/>
  <system-out><![CDATA[11:04:08.924 { } [Test worker] INFO  i.t.s.WorkflowServiceStubsImpl - Created WorkflowServiceStubs for channel: ManagedChannelOrphanWrapper{delegate=ManagedChannelImpl{logId=48, target=directaddress:///fdcb0665-eaaf-411f-976f-78b824a8be17}} 
11:04:08.924 { } [Test worker] INFO  i.t.s.TestServiceStubsImpl - Created TestServiceStubs for channel: ManagedChannelOrphanWrapper{delegate=ManagedChannelImpl{logId=48, target=directaddress:///fdcb0665-eaaf-411f-976f-78b824a8be17}} 
11:04:08.925 { } [Test worker] INFO  i.t.s.OperatorServiceStubsImpl - Created OperatorServiceStubs for channel: ManagedChannelOrphanWrapper{delegate=ManagedChannelImpl{logId=48, target=directaddress:///fdcb0665-eaaf-411f-976f-78b824a8be17}} 
11:04:08.926 { } [Test worker] INFO  io.temporal.internal.worker.Poller - start: Poller{name=Workflow Poller taskQueue="WorkflowTest-testBatchWorkflow-73459199-6229-4f61-b1a0-0ceddbc89e65", namespace="UnitTest", identity=78715@himanshukapoor} 
11:04:08.926 { } [Test worker] INFO  io.temporal.internal.worker.Poller - start: Poller{name=Activity Poller taskQueue="WorkflowTest-testBatchWorkflow-73459199-6229-4f61-b1a0-0ceddbc89e65", namespace="UnitTest", identity=78715@himanshukapoor} 
11:04:08.929 {3f05259b-e7f6-4aee-9cfa-26b3f1d8c104 8ddfb3cc-c64f-3e64-a03b-a1d1e0f7f7f1} [Activity Executor taskQueue="WorkflowTest-testBatchWorkflow-73459199-6229-4f61-b1a0-0ceddbc89e65", namespace="UnitTest": 1] INFO  i.t.s.b.h.RecordProcessorActivityImpl - Activity processRecords started with offset=0 
11:04:08.933 { } [Test worker] INFO  i.t.s.TestServiceStubsImpl - shutdownNow 
11:04:08.934 { } [Test worker] INFO  i.t.s.OperatorServiceStubsImpl - shutdownNow 
11:04:08.934 { } [Test worker] INFO  io.temporal.worker.WorkerFactory - shutdownNow: WorkerFactory{identity=78715@himanshukapoor} 
11:04:08.934 { } [Test worker] INFO  io.temporal.internal.worker.Poller - shutdown: Poller{name=Workflow Poller taskQueue="WorkflowTest-testBatchWorkflow-73459199-6229-4f61-b1a0-0ceddbc89e65", namespace="UnitTest", identity=78715@himanshukapoor} 
11:04:08.934 { } [Workflow Poller taskQueue="WorkflowTest-testBatchWorkflow-73459199-6229-4f61-b1a0-0ceddbc89e65", namespace="UnitTest": 5] INFO  io.temporal.internal.worker.Poller - poll loop is terminated: WorkflowPollTask 
11:04:08.934 { } [Workflow Poller taskQueue="WorkflowTest-testBatchWorkflow-73459199-6229-4f61-b1a0-0ceddbc89e65", namespace="UnitTest": 1] INFO  io.temporal.internal.worker.Poller - poll loop is terminated: WorkflowPollTask 
11:04:08.934 { } [Test worker] INFO  io.temporal.worker.WorkerFactory - awaitTermination begin: WorkerFactory{identity=78715@himanshukapoor} 
11:04:08.934 { } [Workflow Poller taskQueue="WorkflowTest-testBatchWorkflow-73459199-6229-4f61-b1a0-0ceddbc89e65", namespace="UnitTest": 4] INFO  io.temporal.internal.worker.Poller - poll loop is terminated: WorkflowPollTask 
11:04:08.934 { } [Workflow Poller taskQueue="WorkflowTest-testBatchWorkflow-73459199-6229-4f61-b1a0-0ceddbc89e65", namespace="UnitTest": 2] INFO  io.temporal.internal.worker.Poller - poll loop is terminated: WorkflowPollTask 
11:04:08.934 { } [Workflow Poller taskQueue="WorkflowTest-testBatchWorkflow-73459199-6229-4f61-b1a0-0ceddbc89e65", namespace="UnitTest": 3] INFO  io.temporal.internal.worker.Poller - poll loop is terminated: WorkflowPollTask 
11:04:14.016 { } [TemporalShutdownManager: 1] WARN  i.t.internal.worker.ShutdownManager - Wait for a graceful shutdown of SyncActivityWorker{namespace=UnitTest, taskQueue=WorkflowTest-testBatchWorkflow-73459199-6229-4f61-b1a0-0ceddbc89e65, identity=78715@himanshukapoor}#heartbeatExecutor timed out, fallback to shutdownNow() 
11:04:14.018 { } [TemporalShutdownManager: 1] INFO  io.temporal.internal.worker.Poller - shutdown: Poller{name=Activity Poller taskQueue="WorkflowTest-testBatchWorkflow-73459199-6229-4f61-b1a0-0ceddbc89e65", namespace="UnitTest", identity=78715@himanshukapoor} 
11:04:14.021 { } [Activity Poller taskQueue="WorkflowTest-testBatchWorkflow-73459199-6229-4f61-b1a0-0ceddbc89e65", namespace="UnitTest": 3] INFO  io.temporal.internal.worker.Poller - poll loop is terminated: ActivityPollTask 
11:04:14.021 { } [Activity Poller taskQueue="WorkflowTest-testBatchWorkflow-73459199-6229-4f61-b1a0-0ceddbc89e65", namespace="UnitTest": 4] INFO  io.temporal.internal.worker.Poller - poll loop is terminated: ActivityPollTask 
11:04:14.021 { } [Activity Poller taskQueue="WorkflowTest-testBatchWorkflow-73459199-6229-4f61-b1a0-0ceddbc89e65", namespace="UnitTest": 2] INFO  io.temporal.internal.worker.Poller - poll loop is terminated: ActivityPollTask 
11:04:14.022 { } [Activity Poller taskQueue="WorkflowTest-testBatchWorkflow-73459199-6229-4f61-b1a0-0ceddbc89e65", namespace="UnitTest": 5] INFO  io.temporal.internal.worker.Poller - poll loop is terminated: ActivityPollTask 
11:04:14.022 { } [Activity Poller taskQueue="WorkflowTest-testBatchWorkflow-73459199-6229-4f61-b1a0-0ceddbc89e65", namespace="UnitTest": 1] INFO  io.temporal.internal.worker.Poller - poll loop is terminated: ActivityPollTask 
11:04:14.272 { } [Test worker] INFO  io.temporal.worker.WorkerFactory - awaitTermination done: WorkerFactory{identity=78715@himanshukapoor} 
11:04:14.272 { } [Test worker] INFO  i.t.s.WorkflowServiceStubsImpl - shutdownNow 
11:04:14.272 { } [Test worker] INFO  io.temporal.testserver.TestServer - Shutting down in-process gRPC server 
11:04:14.272 { } [Test worker] INFO  io.temporal.testserver.TestServer - Shutting down gRPC Services 
]]></system-out>
  <system-err><![CDATA[]]></system-err>
</testsuite>
