<?xml version="1.0" encoding="UTF-8"?>
<testsuite name="io.temporal.samples.hello.HelloUpdateTest" tests="1" skipped="0" failures="0" errors="0" timestamp="2023-11-17T10:04:57" hostname="himanshukapoor" time="0.3">
  <properties/>
  <testcase name="testUpdate" classname="io.temporal.samples.hello.HelloUpdateTest" time="0.3"/>
  <system-out><![CDATA[11:04:57.391 { } [Test worker] INFO  i.t.s.WorkflowServiceStubsImpl - Created WorkflowServiceStubs for channel: ManagedChannelOrphanWrapper{delegate=ManagedChannelImpl{logId=286, target=directaddress:///fec3bf14-3133-4136-9948-a14228b3d31a}} 
11:04:57.391 { } [Test worker] INFO  i.t.s.TestServiceStubsImpl - Created TestServiceStubs for channel: ManagedChannelOrphanWrapper{delegate=ManagedChannelImpl{logId=286, target=directaddress:///fec3bf14-3133-4136-9948-a14228b3d31a}} 
11:04:57.391 { } [Test worker] INFO  i.t.s.OperatorServiceStubsImpl - Created OperatorServiceStubs for channel: ManagedChannelOrphanWrapper{delegate=ManagedChannelImpl{logId=286, target=directaddress:///fec3bf14-3133-4136-9948-a14228b3d31a}} 
11:04:57.395 { } [Test worker] INFO  io.temporal.internal.worker.Poller - start: Poller{name=Workflow Poller taskQueue="WorkflowTest-testUpdate-0460fcf4-4027-4dd3-aada-102eb3a21df5", namespace="UnitTest", identity=78715@himanshukapoor} 
11:04:57.396 { } [Test worker] INFO  io.temporal.internal.worker.Poller - start: Poller{name=Activity Poller taskQueue="WorkflowTest-testUpdate-0460fcf4-4027-4dd3-aada-102eb3a21df5", namespace="UnitTest", identity=78715@himanshukapoor} 
11:04:57.429 { } [Test worker] INFO  i.t.s.TestServiceStubsImpl - shutdownNow 
11:04:57.429 { } [Test worker] INFO  i.t.s.OperatorServiceStubsImpl - shutdownNow 
11:04:57.429 { } [Test worker] INFO  io.temporal.worker.WorkerFactory - shutdownNow: WorkerFactory{identity=78715@himanshukapoor} 
11:04:57.429 { } [Test worker] INFO  io.temporal.internal.worker.Poller - shutdown: Poller{name=Workflow Poller taskQueue="WorkflowTest-testUpdate-0460fcf4-4027-4dd3-aada-102eb3a21df5", namespace="UnitTest", identity=78715@himanshukapoor} 
11:04:57.429 { } [Workflow Poller taskQueue="WorkflowTest-testUpdate-0460fcf4-4027-4dd3-aada-102eb3a21df5", namespace="UnitTest": 1] INFO  io.temporal.internal.worker.Poller - poll loop is terminated: WorkflowPollTask 
11:04:57.429 { } [Workflow Poller taskQueue="WorkflowTest-testUpdate-0460fcf4-4027-4dd3-aada-102eb3a21df5", namespace="UnitTest": 4] INFO  io.temporal.internal.worker.Poller - poll loop is terminated: WorkflowPollTask 
11:04:57.429 { } [Test worker] INFO  io.temporal.worker.WorkerFactory - awaitTermination begin: WorkerFactory{identity=78715@himanshukapoor} 
11:04:57.429 { } [TemporalShutdownManager: 1] INFO  io.temporal.internal.worker.Poller - shutdown: Poller{name=Activity Poller taskQueue="WorkflowTest-testUpdate-0460fcf4-4027-4dd3-aada-102eb3a21df5", namespace="UnitTest", identity=78715@himanshukapoor} 
11:04:57.429 { } [Workflow Poller taskQueue="WorkflowTest-testUpdate-0460fcf4-4027-4dd3-aada-102eb3a21df5", namespace="UnitTest": 5] INFO  io.temporal.internal.worker.Poller - poll loop is terminated: WorkflowPollTask 
11:04:57.430 { } [Activity Poller taskQueue="WorkflowTest-testUpdate-0460fcf4-4027-4dd3-aada-102eb3a21df5", namespace="UnitTest": 1] INFO  io.temporal.internal.worker.Poller - poll loop is terminated: ActivityPollTask 
11:04:57.429 { } [Workflow Poller taskQueue="WorkflowTest-testUpdate-0460fcf4-4027-4dd3-aada-102eb3a21df5", namespace="UnitTest": 2] INFO  io.temporal.internal.worker.Poller - poll loop is terminated: WorkflowPollTask 
11:04:57.429 { } [Workflow Poller taskQueue="WorkflowTest-testUpdate-0460fcf4-4027-4dd3-aada-102eb3a21df5", namespace="UnitTest": 3] INFO  io.temporal.internal.worker.Poller - poll loop is terminated: WorkflowPollTask 
11:04:57.430 { } [Activity Poller taskQueue="WorkflowTest-testUpdate-0460fcf4-4027-4dd3-aada-102eb3a21df5", namespace="UnitTest": 2] INFO  io.temporal.internal.worker.Poller - poll loop is terminated: ActivityPollTask 
11:04:57.430 { } [Activity Poller taskQueue="WorkflowTest-testUpdate-0460fcf4-4027-4dd3-aada-102eb3a21df5", namespace="UnitTest": 3] INFO  io.temporal.internal.worker.Poller - poll loop is terminated: ActivityPollTask 
11:04:57.430 { } [Activity Poller taskQueue="WorkflowTest-testUpdate-0460fcf4-4027-4dd3-aada-102eb3a21df5", namespace="UnitTest": 5] INFO  io.temporal.internal.worker.Poller - poll loop is terminated: ActivityPollTask 
11:04:57.430 { } [Activity Poller taskQueue="WorkflowTest-testUpdate-0460fcf4-4027-4dd3-aada-102eb3a21df5", namespace="UnitTest": 4] INFO  io.temporal.internal.worker.Poller - poll loop is terminated: ActivityPollTask 
11:04:57.686 { } [Test worker] INFO  io.temporal.worker.WorkerFactory - awaitTermination done: WorkerFactory{identity=78715@himanshukapoor} 
11:04:57.686 { } [Test worker] INFO  i.t.s.WorkflowServiceStubsImpl - shutdownNow 
11:04:57.687 { } [Test worker] INFO  io.temporal.testserver.TestServer - Shutting down in-process gRPC server 
11:04:57.687 { } [Test worker] INFO  io.temporal.testserver.TestServer - Shutting down gRPC Services 
]]></system-out>
  <system-err><![CDATA[]]></system-err>
</testsuite>
