<?xml version="1.0" encoding="UTF-8"?>
<testsuite name="io.temporal.samples.hello.HelloActivityJUnit5Test" tests="3" skipped="0" failures="0" errors="0" timestamp="2023-11-17T10:04:07" hostname="himanshukapoor" time="0.826">
  <properties/>
  <testcase name="testActivityImpl(TestWorkflowEnvironment, Worker, GreetingWorkflow)" classname="io.temporal.samples.hello.HelloActivityJUnit5Test" time="0.273"/>
  <testcase name="testMockedActivityWithoutSettings(Worker)" classname="io.temporal.samples.hello.HelloActivityJUnit5Test" time="0.023"/>
  <testcase name="testMockedActivity(TestWorkflowEnvironment, Worker, GreetingWorkflow)" classname="io.temporal.samples.hello.HelloActivityJUnit5Test" time="0.529"/>
  <system-out><![CDATA[11:04:07.665 { } [Test worker] INFO  i.t.s.WorkflowServiceStubsImpl - Created WorkflowServiceStubs for channel: ManagedChannelOrphanWrapper{delegate=ManagedChannelImpl{logId=17, target=directaddress:///9fd0ebfc-4bf0-4658-b8d5-00b9cd00f342}} 
11:04:07.665 { } [Test worker] INFO  i.t.s.TestServiceStubsImpl - Created TestServiceStubs for channel: ManagedChannelOrphanWrapper{delegate=ManagedChannelImpl{logId=17, target=directaddress:///9fd0ebfc-4bf0-4658-b8d5-00b9cd00f342}} 
11:04:07.666 { } [Test worker] INFO  i.t.s.OperatorServiceStubsImpl - Created OperatorServiceStubs for channel: ManagedChannelOrphanWrapper{delegate=ManagedChannelImpl{logId=17, target=directaddress:///9fd0ebfc-4bf0-4658-b8d5-00b9cd00f342}} 
11:04:07.670 { } [Test worker] INFO  io.temporal.internal.worker.Poller - start: Poller{name=Workflow Poller taskQueue="WorkflowTest-testActivityImpl(TestWorkflowEnvironment, Worker, GreetingWorkflow)-[engine:junit-jupiter]/[class:io.temporal.samples.hello.HelloActivityJUnit5Test]/[method:testActivityImpl(io.temporal.testing.TestWorkflowEnvironment, io.temporal.worker.Worker, io.temporal.samples.hello.HelloActivity$GreetingWorkflow)]", namespace="UnitTest", identity=78715@himanshukapoor} 
11:04:07.671 { } [Test worker] INFO  io.temporal.internal.worker.Poller - start: Poller{name=Activity Poller taskQueue="WorkflowTest-testActivityImpl(TestWorkflowEnvironment, Worker, GreetingWorkflow)-[engine:junit-jupiter]/[class:io.temporal.samples.hello.HelloActivityJUnit5Test]/[method:testActivityImpl(io.temporal.testing.TestWorkflowEnvironment, io.temporal.worker.Worker, io.temporal.samples.hello.HelloActivity$GreetingWorkflow)]", namespace="UnitTest", identity=78715@himanshukapoor} 
11:04:07.676 {3d60b235-5eea-4168-86a8-55dd5383c02c 4ed84bf7-378e-3784-8bf5-d26252769a5c} [Activity Executor taskQueue="WorkflowTest-testActivityImpl(TestWorkflowEnvironment, Worker, GreetingWorkflow)-[engine:junit-jupiter]/[class:io.temporal.samples.hello.HelloActivityJUnit5Test]/[method:testActivityImpl(io.temporal.testing.TestWorkflowEnvironment, io.temporal.worker.Worker, io.temporal.samples.hello.HelloActivity$GreetingWorkflow)]", namespace="UnitTest": 1] INFO  i.t.s.h.HelloActivity$GreetingActivitiesImpl - Composing greeting... 
11:04:07.679 { } [Test worker] INFO  i.t.s.TestServiceStubsImpl - shutdownNow 
11:04:07.679 { } [Test worker] INFO  i.t.s.OperatorServiceStubsImpl - shutdownNow 
11:04:07.679 { } [Test worker] INFO  io.temporal.worker.WorkerFactory - shutdownNow: WorkerFactory{identity=78715@himanshukapoor} 
11:04:07.679 { } [Test worker] INFO  io.temporal.internal.worker.Poller - shutdown: Poller{name=Workflow Poller taskQueue="WorkflowTest-testActivityImpl(TestWorkflowEnvironment, Worker, GreetingWorkflow)-[engine:junit-jupiter]/[class:io.temporal.samples.hello.HelloActivityJUnit5Test]/[method:testActivityImpl(io.temporal.testing.TestWorkflowEnvironment, io.temporal.worker.Worker, io.temporal.samples.hello.HelloActivity$GreetingWorkflow)]", namespace="UnitTest", identity=78715@himanshukapoor} 
11:04:07.679 { } [Workflow Poller taskQueue="WorkflowTest-testActivityImpl(TestWorkflowEnvironment, Worker, GreetingWorkflow)-[engine:junit-jupiter]/[class:io.temporal.samples.hello.HelloActivityJUnit5Test]/[method:testActivityImpl(io.temporal.testing.TestWorkflowEnvironment, io.temporal.worker.Worker, io.temporal.samples.hello.HelloActivity$GreetingWorkflow)]", namespace="UnitTest": 5] INFO  io.temporal.internal.worker.Poller - poll loop is terminated: WorkflowPollTask 
11:04:07.679 { } [Workflow Poller taskQueue="WorkflowTest-testActivityImpl(TestWorkflowEnvironment, Worker, GreetingWorkflow)-[engine:junit-jupiter]/[class:io.temporal.samples.hello.HelloActivityJUnit5Test]/[method:testActivityImpl(io.temporal.testing.TestWorkflowEnvironment, io.temporal.worker.Worker, io.temporal.samples.hello.HelloActivity$GreetingWorkflow)]", namespace="UnitTest": 3] INFO  io.temporal.internal.worker.Poller - poll loop is terminated: WorkflowPollTask 
11:04:07.679 { } [Workflow Poller taskQueue="WorkflowTest-testActivityImpl(TestWorkflowEnvironment, Worker, GreetingWorkflow)-[engine:junit-jupiter]/[class:io.temporal.samples.hello.HelloActivityJUnit5Test]/[method:testActivityImpl(io.temporal.testing.TestWorkflowEnvironment, io.temporal.worker.Worker, io.temporal.samples.hello.HelloActivity$GreetingWorkflow)]", namespace="UnitTest": 4] INFO  io.temporal.internal.worker.Poller - poll loop is terminated: WorkflowPollTask 
11:04:07.679 { } [Workflow Poller taskQueue="WorkflowTest-testActivityImpl(TestWorkflowEnvironment, Worker, GreetingWorkflow)-[engine:junit-jupiter]/[class:io.temporal.samples.hello.HelloActivityJUnit5Test]/[method:testActivityImpl(io.temporal.testing.TestWorkflowEnvironment, io.temporal.worker.Worker, io.temporal.samples.hello.HelloActivity$GreetingWorkflow)]", namespace="UnitTest": 1] INFO  io.temporal.internal.worker.Poller - poll loop is terminated: WorkflowPollTask 
11:04:07.679 { } [Workflow Poller taskQueue="WorkflowTest-testActivityImpl(TestWorkflowEnvironment, Worker, GreetingWorkflow)-[engine:junit-jupiter]/[class:io.temporal.samples.hello.HelloActivityJUnit5Test]/[method:testActivityImpl(io.temporal.testing.TestWorkflowEnvironment, io.temporal.worker.Worker, io.temporal.samples.hello.HelloActivity$GreetingWorkflow)]", namespace="UnitTest": 2] INFO  io.temporal.internal.worker.Poller - poll loop is terminated: WorkflowPollTask 
11:04:07.679 { } [Test worker] INFO  io.temporal.worker.WorkerFactory - awaitTermination begin: WorkerFactory{identity=78715@himanshukapoor} 
11:04:07.679 { } [TemporalShutdownManager: 1] INFO  io.temporal.internal.worker.Poller - shutdown: Poller{name=Activity Poller taskQueue="WorkflowTest-testActivityImpl(TestWorkflowEnvironment, Worker, GreetingWorkflow)-[engine:junit-jupiter]/[class:io.temporal.samples.hello.HelloActivityJUnit5Test]/[method:testActivityImpl(io.temporal.testing.TestWorkflowEnvironment, io.temporal.worker.Worker, io.temporal.samples.hello.HelloActivity$GreetingWorkflow)]", namespace="UnitTest", identity=78715@himanshukapoor} 
11:04:07.680 { } [Activity Poller taskQueue="WorkflowTest-testActivityImpl(TestWorkflowEnvironment, Worker, GreetingWorkflow)-[engine:junit-jupiter]/[class:io.temporal.samples.hello.HelloActivityJUnit5Test]/[method:testActivityImpl(io.temporal.testing.TestWorkflowEnvironment, io.temporal.worker.Worker, io.temporal.samples.hello.HelloActivity$GreetingWorkflow)]", namespace="UnitTest": 4] INFO  io.temporal.internal.worker.Poller - poll loop is terminated: ActivityPollTask 
11:04:07.680 { } [Activity Poller taskQueue="WorkflowTest-testActivityImpl(TestWorkflowEnvironment, Worker, GreetingWorkflow)-[engine:junit-jupiter]/[class:io.temporal.samples.hello.HelloActivityJUnit5Test]/[method:testActivityImpl(io.temporal.testing.TestWorkflowEnvironment, io.temporal.worker.Worker, io.temporal.samples.hello.HelloActivity$GreetingWorkflow)]", namespace="UnitTest": 5] INFO  io.temporal.internal.worker.Poller - poll loop is terminated: ActivityPollTask 
11:04:07.680 { } [Activity Poller taskQueue="WorkflowTest-testActivityImpl(TestWorkflowEnvironment, Worker, GreetingWorkflow)-[engine:junit-jupiter]/[class:io.temporal.samples.hello.HelloActivityJUnit5Test]/[method:testActivityImpl(io.temporal.testing.TestWorkflowEnvironment, io.temporal.worker.Worker, io.temporal.samples.hello.HelloActivity$GreetingWorkflow)]", namespace="UnitTest": 1] INFO  io.temporal.internal.worker.Poller - poll loop is terminated: ActivityPollTask 
11:04:07.680 { } [Activity Poller taskQueue="WorkflowTest-testActivityImpl(TestWorkflowEnvironment, Worker, GreetingWorkflow)-[engine:junit-jupiter]/[class:io.temporal.samples.hello.HelloActivityJUnit5Test]/[method:testActivityImpl(io.temporal.testing.TestWorkflowEnvironment, io.temporal.worker.Worker, io.temporal.samples.hello.HelloActivity$GreetingWorkflow)]", namespace="UnitTest": 2] INFO  io.temporal.internal.worker.Poller - poll loop is terminated: ActivityPollTask 
11:04:07.680 { } [Activity Poller taskQueue="WorkflowTest-testActivityImpl(TestWorkflowEnvironment, Worker, GreetingWorkflow)-[engine:junit-jupiter]/[class:io.temporal.samples.hello.HelloActivityJUnit5Test]/[method:testActivityImpl(io.temporal.testing.TestWorkflowEnvironment, io.temporal.worker.Worker, io.temporal.samples.hello.HelloActivity$GreetingWorkflow)]", namespace="UnitTest": 3] INFO  io.temporal.internal.worker.Poller - poll loop is terminated: ActivityPollTask 
11:04:07.935 { } [Test worker] INFO  io.temporal.worker.WorkerFactory - awaitTermination done: WorkerFactory{identity=78715@himanshukapoor} 
11:04:07.935 { } [Test worker] INFO  i.t.s.WorkflowServiceStubsImpl - shutdownNow 
11:04:07.935 { } [Test worker] INFO  io.temporal.testserver.TestServer - Shutting down in-process gRPC server 
11:04:07.935 { } [Test worker] INFO  io.temporal.testserver.TestServer - Shutting down gRPC Services 
11:04:07.938 { } [Test worker] INFO  i.t.s.WorkflowServiceStubsImpl - Created WorkflowServiceStubs for channel: ManagedChannelOrphanWrapper{delegate=ManagedChannelImpl{logId=22, target=directaddress:///63ae1829-2a8b-4890-b890-0e3bc8fb3986}} 
11:04:07.938 { } [Test worker] INFO  i.t.s.TestServiceStubsImpl - Created TestServiceStubs for channel: ManagedChannelOrphanWrapper{delegate=ManagedChannelImpl{logId=22, target=directaddress:///63ae1829-2a8b-4890-b890-0e3bc8fb3986}} 
11:04:07.938 { } [Test worker] INFO  i.t.s.OperatorServiceStubsImpl - Created OperatorServiceStubs for channel: ManagedChannelOrphanWrapper{delegate=ManagedChannelImpl{logId=22, target=directaddress:///63ae1829-2a8b-4890-b890-0e3bc8fb3986}} 
11:04:07.958 { } [Test worker] INFO  i.t.s.TestServiceStubsImpl - shutdownNow 
11:04:07.958 { } [Test worker] INFO  i.t.s.OperatorServiceStubsImpl - shutdownNow 
11:04:07.958 { } [Test worker] INFO  io.temporal.worker.WorkerFactory - shutdownNow: WorkerFactory{identity=78715@himanshukapoor} 
11:04:07.959 { } [Test worker] INFO  io.temporal.worker.WorkerFactory - awaitTermination begin: WorkerFactory{identity=78715@himanshukapoor} 
11:04:07.959 { } [Test worker] INFO  io.temporal.worker.WorkerFactory - awaitTermination done: WorkerFactory{identity=78715@himanshukapoor} 
11:04:07.959 { } [Test worker] INFO  i.t.s.WorkflowServiceStubsImpl - shutdownNow 
11:04:07.959 { } [Test worker] INFO  io.temporal.testserver.TestServer - Shutting down in-process gRPC server 
11:04:07.959 { } [Test worker] INFO  io.temporal.testserver.TestServer - Shutting down gRPC Services 
11:04:07.961 { } [Test worker] INFO  i.t.s.WorkflowServiceStubsImpl - Created WorkflowServiceStubs for channel: ManagedChannelOrphanWrapper{delegate=ManagedChannelImpl{logId=25, target=directaddress:///eb323474-f7d7-443d-bded-fdd476e1dd66}} 
11:04:07.961 { } [Test worker] INFO  i.t.s.TestServiceStubsImpl - Created TestServiceStubs for channel: ManagedChannelOrphanWrapper{delegate=ManagedChannelImpl{logId=25, target=directaddress:///eb323474-f7d7-443d-bded-fdd476e1dd66}} 
11:04:07.961 { } [Test worker] INFO  i.t.s.OperatorServiceStubsImpl - Created OperatorServiceStubs for channel: ManagedChannelOrphanWrapper{delegate=ManagedChannelImpl{logId=25, target=directaddress:///eb323474-f7d7-443d-bded-fdd476e1dd66}} 
11:04:07.968 { } [Test worker] INFO  io.temporal.internal.worker.Poller - start: Poller{name=Workflow Poller taskQueue="WorkflowTest-testMockedActivity(TestWorkflowEnvironment, Worker, GreetingWorkflow)-[engine:junit-jupiter]/[class:io.temporal.samples.hello.HelloActivityJUnit5Test]/[method:testMockedActivity(io.temporal.testing.TestWorkflowEnvironment, io.temporal.worker.Worker, io.temporal.samples.hello.HelloActivity$GreetingWorkflow)]", namespace="UnitTest", identity=78715@himanshukapoor} 
11:04:07.969 { } [Test worker] INFO  io.temporal.internal.worker.Poller - start: Poller{name=Activity Poller taskQueue="WorkflowTest-testMockedActivity(TestWorkflowEnvironment, Worker, GreetingWorkflow)-[engine:junit-jupiter]/[class:io.temporal.samples.hello.HelloActivityJUnit5Test]/[method:testMockedActivity(io.temporal.testing.TestWorkflowEnvironment, io.temporal.worker.Worker, io.temporal.samples.hello.HelloActivity$GreetingWorkflow)]", namespace="UnitTest", identity=78715@himanshukapoor} 
11:04:07.973 { } [Test worker] INFO  i.t.s.TestServiceStubsImpl - shutdownNow 
11:04:07.973 { } [Test worker] INFO  i.t.s.OperatorServiceStubsImpl - shutdownNow 
11:04:07.973 { } [Test worker] INFO  io.temporal.worker.WorkerFactory - shutdownNow: WorkerFactory{identity=78715@himanshukapoor} 
11:04:07.973 { } [Test worker] INFO  io.temporal.internal.worker.Poller - shutdown: Poller{name=Workflow Poller taskQueue="WorkflowTest-testMockedActivity(TestWorkflowEnvironment, Worker, GreetingWorkflow)-[engine:junit-jupiter]/[class:io.temporal.samples.hello.HelloActivityJUnit5Test]/[method:testMockedActivity(io.temporal.testing.TestWorkflowEnvironment, io.temporal.worker.Worker, io.temporal.samples.hello.HelloActivity$GreetingWorkflow)]", namespace="UnitTest", identity=78715@himanshukapoor} 
11:04:07.973 { } [Workflow Poller taskQueue="WorkflowTest-testMockedActivity(TestWorkflowEnvironment, Worker, GreetingWorkflow)-[engine:junit-jupiter]/[class:io.temporal.samples.hello.HelloActivityJUnit5Test]/[method:testMockedActivity(io.temporal.testing.TestWorkflowEnvironment, io.temporal.worker.Worker, io.temporal.samples.hello.HelloActivity$GreetingWorkflow)]", namespace="UnitTest": 4] INFO  io.temporal.internal.worker.Poller - poll loop is terminated: WorkflowPollTask 
11:04:07.973 { } [Workflow Poller taskQueue="WorkflowTest-testMockedActivity(TestWorkflowEnvironment, Worker, GreetingWorkflow)-[engine:junit-jupiter]/[class:io.temporal.samples.hello.HelloActivityJUnit5Test]/[method:testMockedActivity(io.temporal.testing.TestWorkflowEnvironment, io.temporal.worker.Worker, io.temporal.samples.hello.HelloActivity$GreetingWorkflow)]", namespace="UnitTest": 1] INFO  io.temporal.internal.worker.Poller - poll loop is terminated: WorkflowPollTask 
11:04:07.973 { } [Workflow Poller taskQueue="WorkflowTest-testMockedActivity(TestWorkflowEnvironment, Worker, GreetingWorkflow)-[engine:junit-jupiter]/[class:io.temporal.samples.hello.HelloActivityJUnit5Test]/[method:testMockedActivity(io.temporal.testing.TestWorkflowEnvironment, io.temporal.worker.Worker, io.temporal.samples.hello.HelloActivity$GreetingWorkflow)]", namespace="UnitTest": 3] INFO  io.temporal.internal.worker.Poller - poll loop is terminated: WorkflowPollTask 
11:04:07.973 { } [Workflow Poller taskQueue="WorkflowTest-testMockedActivity(TestWorkflowEnvironment, Worker, GreetingWorkflow)-[engine:junit-jupiter]/[class:io.temporal.samples.hello.HelloActivityJUnit5Test]/[method:testMockedActivity(io.temporal.testing.TestWorkflowEnvironment, io.temporal.worker.Worker, io.temporal.samples.hello.HelloActivity$GreetingWorkflow)]", namespace="UnitTest": 2] INFO  io.temporal.internal.worker.Poller - poll loop is terminated: WorkflowPollTask 
11:04:07.973 { } [Workflow Poller taskQueue="WorkflowTest-testMockedActivity(TestWorkflowEnvironment, Worker, GreetingWorkflow)-[engine:junit-jupiter]/[class:io.temporal.samples.hello.HelloActivityJUnit5Test]/[method:testMockedActivity(io.temporal.testing.TestWorkflowEnvironment, io.temporal.worker.Worker, io.temporal.samples.hello.HelloActivity$GreetingWorkflow)]", namespace="UnitTest": 5] INFO  io.temporal.internal.worker.Poller - poll loop is terminated: WorkflowPollTask 
11:04:07.974 { } [Test worker] INFO  io.temporal.worker.WorkerFactory - awaitTermination begin: WorkerFactory{identity=78715@himanshukapoor} 
11:04:07.974 { } [TemporalShutdownManager: 1] INFO  io.temporal.internal.worker.Poller - shutdown: Poller{name=Activity Poller taskQueue="WorkflowTest-testMockedActivity(TestWorkflowEnvironment, Worker, GreetingWorkflow)-[engine:junit-jupiter]/[class:io.temporal.samples.hello.HelloActivityJUnit5Test]/[method:testMockedActivity(io.temporal.testing.TestWorkflowEnvironment, io.temporal.worker.Worker, io.temporal.samples.hello.HelloActivity$GreetingWorkflow)]", namespace="UnitTest", identity=78715@himanshukapoor} 
11:04:07.974 { } [Activity Poller taskQueue="WorkflowTest-testMockedActivity(TestWorkflowEnvironment, Worker, GreetingWorkflow)-[engine:junit-jupiter]/[class:io.temporal.samples.hello.HelloActivityJUnit5Test]/[method:testMockedActivity(io.temporal.testing.TestWorkflowEnvironment, io.temporal.worker.Worker, io.temporal.samples.hello.HelloActivity$GreetingWorkflow)]", namespace="UnitTest": 4] INFO  io.temporal.internal.worker.Poller - poll loop is terminated: ActivityPollTask 
11:04:07.974 { } [Activity Poller taskQueue="WorkflowTest-testMockedActivity(TestWorkflowEnvironment, Worker, GreetingWorkflow)-[engine:junit-jupiter]/[class:io.temporal.samples.hello.HelloActivityJUnit5Test]/[method:testMockedActivity(io.temporal.testing.TestWorkflowEnvironment, io.temporal.worker.Worker, io.temporal.samples.hello.HelloActivity$GreetingWorkflow)]", namespace="UnitTest": 3] INFO  io.temporal.internal.worker.Poller - poll loop is terminated: ActivityPollTask 
11:04:07.974 { } [Activity Poller taskQueue="WorkflowTest-testMockedActivity(TestWorkflowEnvironment, Worker, GreetingWorkflow)-[engine:junit-jupiter]/[class:io.temporal.samples.hello.HelloActivityJUnit5Test]/[method:testMockedActivity(io.temporal.testing.TestWorkflowEnvironment, io.temporal.worker.Worker, io.temporal.samples.hello.HelloActivity$GreetingWorkflow)]", namespace="UnitTest": 1] INFO  io.temporal.internal.worker.Poller - poll loop is terminated: ActivityPollTask 
11:04:07.974 { } [Activity Poller taskQueue="WorkflowTest-testMockedActivity(TestWorkflowEnvironment, Worker, GreetingWorkflow)-[engine:junit-jupiter]/[class:io.temporal.samples.hello.HelloActivityJUnit5Test]/[method:testMockedActivity(io.temporal.testing.TestWorkflowEnvironment, io.temporal.worker.Worker, io.temporal.samples.hello.HelloActivity$GreetingWorkflow)]", namespace="UnitTest": 2] INFO  io.temporal.internal.worker.Poller - poll loop is terminated: ActivityPollTask 
11:04:07.974 { } [Activity Poller taskQueue="WorkflowTest-testMockedActivity(TestWorkflowEnvironment, Worker, GreetingWorkflow)-[engine:junit-jupiter]/[class:io.temporal.samples.hello.HelloActivityJUnit5Test]/[method:testMockedActivity(io.temporal.testing.TestWorkflowEnvironment, io.temporal.worker.Worker, io.temporal.samples.hello.HelloActivity$GreetingWorkflow)]", namespace="UnitTest": 5] INFO  io.temporal.internal.worker.Poller - poll loop is terminated: ActivityPollTask 
11:04:08.484 { } [Test worker] INFO  io.temporal.worker.WorkerFactory - awaitTermination done: WorkerFactory{identity=78715@himanshukapoor} 
11:04:08.485 { } [Test worker] INFO  i.t.s.WorkflowServiceStubsImpl - shutdownNow 
11:04:08.486 { } [Test worker] INFO  io.temporal.testserver.TestServer - Shutting down in-process gRPC server 
11:04:08.487 { } [Test worker] INFO  io.temporal.testserver.TestServer - Shutting down gRPC Services 
]]></system-out>
  <system-err><![CDATA[]]></system-err>
</testsuite>
