<?xml version="1.0" encoding="UTF-8"?>
<testsuite name="io.temporal.samples.hello.HelloChildJUnit5Test" tests="1" skipped="0" failures="0" errors="0" timestamp="2023-11-17T10:04:08" hostname="himanshukapoor" time="0.037">
  <properties/>
  <testcase name="testChild(TestWorkflowEnvironment, Worker, GreetingWorkflow)" classname="io.temporal.samples.hello.HelloChildJUnit5Test" time="0.037"/>
  <system-out><![CDATA[11:04:08.542 { } [Test worker] INFO  i.t.s.WorkflowServiceStubsImpl - Created WorkflowServiceStubs for channel: ManagedChannelOrphanWrapper{delegate=ManagedChannelImpl{logId=30, target=directaddress:///eb1b43b6-eae4-4e6f-9093-252e7ef4d78d}} 
11:04:08.542 { } [Test worker] INFO  i.t.s.TestServiceStubsImpl - Created TestServiceStubs for channel: ManagedChannelOrphanWrapper{delegate=ManagedChannelImpl{logId=30, target=directaddress:///eb1b43b6-eae4-4e6f-9093-252e7ef4d78d}} 
11:04:08.542 { } [Test worker] INFO  i.t.s.OperatorServiceStubsImpl - Created OperatorServiceStubs for channel: ManagedChannelOrphanWrapper{delegate=ManagedChannelImpl{logId=30, target=directaddress:///eb1b43b6-eae4-4e6f-9093-252e7ef4d78d}} 
11:04:08.547 { } [Test worker] INFO  io.temporal.internal.worker.Poller - start: Poller{name=Workflow Poller taskQueue="WorkflowTest-testChild(TestWorkflowEnvironment, Worker, GreetingWorkflow)-[engine:junit-jupiter]/[class:io.temporal.samples.hello.HelloChildJUnit5Test]/[method:testChild(io.temporal.testing.TestWorkflowEnvironment, io.temporal.worker.Worker, io.temporal.samples.hello.HelloChild$GreetingWorkflow)]", namespace="UnitTest", identity=78715@himanshukapoor} 
11:04:08.574 { } [Test worker] INFO  io.temporal.worker.WorkerFactory - shutdown: WorkerFactory{identity=78715@himanshukapoor} 
11:04:08.574 { } [Test worker] INFO  io.temporal.internal.worker.Poller - shutdown: Poller{name=Workflow Poller taskQueue="WorkflowTest-testChild(TestWorkflowEnvironment, Worker, GreetingWorkflow)-[engine:junit-jupiter]/[class:io.temporal.samples.hello.HelloChildJUnit5Test]/[method:testChild(io.temporal.testing.TestWorkflowEnvironment, io.temporal.worker.Worker, io.temporal.samples.hello.HelloChild$GreetingWorkflow)]", namespace="UnitTest", identity=78715@himanshukapoor} 
11:04:08.574 { } [Workflow Poller taskQueue="WorkflowTest-testChild(TestWorkflowEnvironment, Worker, GreetingWorkflow)-[engine:junit-jupiter]/[class:io.temporal.samples.hello.HelloChildJUnit5Test]/[method:testChild(io.temporal.testing.TestWorkflowEnvironment, io.temporal.worker.Worker, io.temporal.samples.hello.HelloChild$GreetingWorkflow)]", namespace="UnitTest": 3] INFO  io.temporal.internal.worker.Poller - poll loop is terminated: WorkflowPollTask 
11:04:08.574 { } [Workflow Poller taskQueue="WorkflowTest-testChild(TestWorkflowEnvironment, Worker, GreetingWorkflow)-[engine:junit-jupiter]/[class:io.temporal.samples.hello.HelloChildJUnit5Test]/[method:testChild(io.temporal.testing.TestWorkflowEnvironment, io.temporal.worker.Worker, io.temporal.samples.hello.HelloChild$GreetingWorkflow)]", namespace="UnitTest": 5] INFO  io.temporal.internal.worker.Poller - poll loop is terminated: WorkflowPollTask 
11:04:08.574 { } [Workflow Poller taskQueue="WorkflowTest-testChild(TestWorkflowEnvironment, Worker, GreetingWorkflow)-[engine:junit-jupiter]/[class:io.temporal.samples.hello.HelloChildJUnit5Test]/[method:testChild(io.temporal.testing.TestWorkflowEnvironment, io.temporal.worker.Worker, io.temporal.samples.hello.HelloChild$GreetingWorkflow)]", namespace="UnitTest": 4] INFO  io.temporal.internal.worker.Poller - poll loop is terminated: WorkflowPollTask 
11:04:08.574 { } [Workflow Poller taskQueue="WorkflowTest-testChild(TestWorkflowEnvironment, Worker, GreetingWorkflow)-[engine:junit-jupiter]/[class:io.temporal.samples.hello.HelloChildJUnit5Test]/[method:testChild(io.temporal.testing.TestWorkflowEnvironment, io.temporal.worker.Worker, io.temporal.samples.hello.HelloChild$GreetingWorkflow)]", namespace="UnitTest": 1] INFO  io.temporal.internal.worker.Poller - poll loop is terminated: WorkflowPollTask 
11:04:08.574 { } [Workflow Poller taskQueue="WorkflowTest-testChild(TestWorkflowEnvironment, Worker, GreetingWorkflow)-[engine:junit-jupiter]/[class:io.temporal.samples.hello.HelloChildJUnit5Test]/[method:testChild(io.temporal.testing.TestWorkflowEnvironment, io.temporal.worker.Worker, io.temporal.samples.hello.HelloChild$GreetingWorkflow)]", namespace="UnitTest": 2] INFO  io.temporal.internal.worker.Poller - poll loop is terminated: WorkflowPollTask 
11:04:08.574 { } [Test worker] INFO  i.t.s.TestServiceStubsImpl - shutdownNow 
11:04:08.574 { } [Test worker] INFO  i.t.s.OperatorServiceStubsImpl - shutdownNow 
11:04:08.574 { } [Test worker] INFO  io.temporal.worker.WorkerFactory - shutdownNow: WorkerFactory{identity=78715@himanshukapoor} 
11:04:08.574 { } [Test worker] INFO  io.temporal.internal.worker.Poller - shutdown: Poller{name=Workflow Poller taskQueue="WorkflowTest-testChild(TestWorkflowEnvironment, Worker, GreetingWorkflow)-[engine:junit-jupiter]/[class:io.temporal.samples.hello.HelloChildJUnit5Test]/[method:testChild(io.temporal.testing.TestWorkflowEnvironment, io.temporal.worker.Worker, io.temporal.samples.hello.HelloChild$GreetingWorkflow)]", namespace="UnitTest", identity=78715@himanshukapoor} 
11:04:08.575 { } [Test worker] INFO  io.temporal.worker.WorkerFactory - awaitTermination begin: WorkerFactory{identity=78715@himanshukapoor} 
11:04:08.575 { } [Test worker] INFO  io.temporal.worker.WorkerFactory - awaitTermination done: WorkerFactory{identity=78715@himanshukapoor} 
11:04:08.575 { } [Test worker] INFO  i.t.s.WorkflowServiceStubsImpl - shutdownNow 
11:04:08.575 { } [Test worker] INFO  io.temporal.testserver.TestServer - Shutting down in-process gRPC server 
11:04:08.575 { } [Test worker] INFO  io.temporal.testserver.TestServer - Shutting down gRPC Services 
]]></system-out>
  <system-err><![CDATA[]]></system-err>
</testsuite>
