<?xml version="1.0" encoding="UTF-8"?>
<testsuite name="io.temporal.samples.countinterceptor.ClientCountInterceptorTest" tests="1" skipped="0" failures="0" errors="0" timestamp="2023-11-17T10:04:16" hostname="himanshukapoor" time="0.28">
  <properties/>
  <testcase name="testInterceptor" classname="io.temporal.samples.countinterceptor.ClientCountInterceptorTest" time="0.28"/>
  <system-out><![CDATA[11:04:16.565 { } [Test worker] INFO  i.t.s.WorkflowServiceStubsImpl - Created WorkflowServiceStubs for channel: ManagedChannelOrphanWrapper{delegate=ManagedChannelImpl{logId=73, target=directaddress:///9af14ed3-5894-4391-b396-1b80385a0684}} 
11:04:16.565 { } [Test worker] INFO  i.t.s.TestServiceStubsImpl - Created TestServiceStubs for channel: ManagedChannelOrphanWrapper{delegate=ManagedChannelImpl{logId=73, target=directaddress:///9af14ed3-5894-4391-b396-1b80385a0684}} 
11:04:16.565 { } [Test worker] INFO  i.t.s.OperatorServiceStubsImpl - Created OperatorServiceStubs for channel: ManagedChannelOrphanWrapper{delegate=ManagedChannelImpl{logId=73, target=directaddress:///9af14ed3-5894-4391-b396-1b80385a0684}} 
11:04:16.567 { } [Test worker] INFO  io.temporal.internal.worker.Poller - start: Poller{name=Workflow Poller taskQueue="WorkflowTest-testInterceptor-2a2698aa-f033-44bb-8324-dcb775f5c21b", namespace="UnitTest", identity=78715@himanshukapoor} 
11:04:16.567 { } [Test worker] INFO  io.temporal.internal.worker.Poller - start: Poller{name=Activity Poller taskQueue="WorkflowTest-testInterceptor-2a2698aa-f033-44bb-8324-dcb775f5c21b", namespace="UnitTest", identity=78715@himanshukapoor} 
11:04:16.580 { } [Test worker] INFO  i.t.s.TestServiceStubsImpl - shutdownNow 
11:04:16.580 { } [Test worker] INFO  i.t.s.OperatorServiceStubsImpl - shutdownNow 
11:04:16.580 { } [Test worker] INFO  io.temporal.worker.WorkerFactory - shutdownNow: WorkerFactory{identity=78715@himanshukapoor} 
11:04:16.580 { } [Test worker] INFO  io.temporal.internal.worker.Poller - shutdown: Poller{name=Workflow Poller taskQueue="WorkflowTest-testInterceptor-2a2698aa-f033-44bb-8324-dcb775f5c21b", namespace="UnitTest", identity=78715@himanshukapoor} 
11:04:16.581 { } [Workflow Poller taskQueue="WorkflowTest-testInterceptor-2a2698aa-f033-44bb-8324-dcb775f5c21b", namespace="UnitTest": 3] INFO  io.temporal.internal.worker.Poller - poll loop is terminated: WorkflowPollTask 
11:04:16.581 { } [Workflow Poller taskQueue="WorkflowTest-testInterceptor-2a2698aa-f033-44bb-8324-dcb775f5c21b", namespace="UnitTest": 4] INFO  io.temporal.internal.worker.Poller - poll loop is terminated: WorkflowPollTask 
11:04:16.581 { } [Workflow Poller taskQueue="WorkflowTest-testInterceptor-2a2698aa-f033-44bb-8324-dcb775f5c21b", namespace="UnitTest": 5] INFO  io.temporal.internal.worker.Poller - poll loop is terminated: WorkflowPollTask 
11:04:16.581 { } [Test worker] INFO  io.temporal.worker.WorkerFactory - awaitTermination begin: WorkerFactory{identity=78715@himanshukapoor} 
11:04:16.581 { } [Workflow Poller taskQueue="WorkflowTest-testInterceptor-2a2698aa-f033-44bb-8324-dcb775f5c21b", namespace="UnitTest": 2] INFO  io.temporal.internal.worker.Poller - poll loop is terminated: WorkflowPollTask 
11:04:16.581 { } [Workflow Poller taskQueue="WorkflowTest-testInterceptor-2a2698aa-f033-44bb-8324-dcb775f5c21b", namespace="UnitTest": 1] INFO  io.temporal.internal.worker.Poller - poll loop is terminated: WorkflowPollTask 
11:04:16.581 { } [TemporalShutdownManager: 1] INFO  io.temporal.internal.worker.Poller - shutdown: Poller{name=Activity Poller taskQueue="WorkflowTest-testInterceptor-2a2698aa-f033-44bb-8324-dcb775f5c21b", namespace="UnitTest", identity=78715@himanshukapoor} 
11:04:16.581 { } [Activity Poller taskQueue="WorkflowTest-testInterceptor-2a2698aa-f033-44bb-8324-dcb775f5c21b", namespace="UnitTest": 2] INFO  io.temporal.internal.worker.Poller - poll loop is terminated: ActivityPollTask 
11:04:16.581 { } [Activity Poller taskQueue="WorkflowTest-testInterceptor-2a2698aa-f033-44bb-8324-dcb775f5c21b", namespace="UnitTest": 1] INFO  io.temporal.internal.worker.Poller - poll loop is terminated: ActivityPollTask 
11:04:16.581 { } [Activity Poller taskQueue="WorkflowTest-testInterceptor-2a2698aa-f033-44bb-8324-dcb775f5c21b", namespace="UnitTest": 4] INFO  io.temporal.internal.worker.Poller - poll loop is terminated: ActivityPollTask 
11:04:16.581 { } [Activity Poller taskQueue="WorkflowTest-testInterceptor-2a2698aa-f033-44bb-8324-dcb775f5c21b", namespace="UnitTest": 5] INFO  io.temporal.internal.worker.Poller - poll loop is terminated: ActivityPollTask 
11:04:16.581 { } [Activity Poller taskQueue="WorkflowTest-testInterceptor-2a2698aa-f033-44bb-8324-dcb775f5c21b", namespace="UnitTest": 3] INFO  io.temporal.internal.worker.Poller - poll loop is terminated: ActivityPollTask 
11:04:16.836 { } [Test worker] INFO  io.temporal.worker.WorkerFactory - awaitTermination done: WorkerFactory{identity=78715@himanshukapoor} 
11:04:16.836 { } [Test worker] INFO  i.t.s.WorkflowServiceStubsImpl - shutdownNow 
11:04:16.836 { } [Test worker] INFO  io.temporal.testserver.TestServer - Shutting down in-process gRPC server 
11:04:16.837 { } [Test worker] INFO  io.temporal.testserver.TestServer - Shutting down gRPC Services 
]]></system-out>
  <system-err><![CDATA[]]></system-err>
</testsuite>
