<?xml version="1.0" encoding="UTF-8"?>
<testsuite name="io.temporal.samples.hello.HelloChildTest" tests="2" skipped="0" failures="0" errors="0" timestamp="2023-11-17T10:04:47" hostname="himanshukapoor" time="0.038">
  <properties/>
  <testcase name="testChild" classname="io.temporal.samples.hello.HelloChildTest" time="0.021"/>
  <testcase name="testMockedChild" classname="io.temporal.samples.hello.HelloChildTest" time="0.017"/>
  <system-out><![CDATA[11:04:47.515 { } [Test worker] INFO  i.t.s.WorkflowServiceStubsImpl - Created WorkflowServiceStubs for channel: ManagedChannelOrphanWrapper{delegate=ManagedChannelImpl{logId=191, target=directaddress:///afb0a19a-abfe-4a28-976d-a213281856d7}} 
11:04:47.516 { } [Test worker] INFO  i.t.s.TestServiceStubsImpl - Created TestServiceStubs for channel: ManagedChannelOrphanWrapper{delegate=ManagedChannelImpl{logId=191, target=directaddress:///afb0a19a-abfe-4a28-976d-a213281856d7}} 
11:04:47.516 { } [Test worker] INFO  i.t.s.OperatorServiceStubsImpl - Created OperatorServiceStubs for channel: ManagedChannelOrphanWrapper{delegate=ManagedChannelImpl{logId=191, target=directaddress:///afb0a19a-abfe-4a28-976d-a213281856d7}} 
11:04:47.518 { } [Test worker] INFO  io.temporal.internal.worker.Poller - start: Poller{name=Workflow Poller taskQueue="WorkflowTest-testChild-d98707c8-81bd-42d4-a964-de6f680b9559", namespace="UnitTest", identity=78715@himanshukapoor} 
11:04:47.525 { } [Test worker] INFO  io.temporal.worker.WorkerFactory - shutdown: WorkerFactory{identity=78715@himanshukapoor} 
11:04:47.525 { } [Test worker] INFO  io.temporal.internal.worker.Poller - shutdown: Poller{name=Workflow Poller taskQueue="WorkflowTest-testChild-d98707c8-81bd-42d4-a964-de6f680b9559", namespace="UnitTest", identity=78715@himanshukapoor} 
11:04:47.525 { } [Workflow Poller taskQueue="WorkflowTest-testChild-d98707c8-81bd-42d4-a964-de6f680b9559", namespace="UnitTest": 2] INFO  io.temporal.internal.worker.Poller - poll loop is terminated: WorkflowPollTask 
11:04:47.525 { } [Workflow Poller taskQueue="WorkflowTest-testChild-d98707c8-81bd-42d4-a964-de6f680b9559", namespace="UnitTest": 1] INFO  io.temporal.internal.worker.Poller - poll loop is terminated: WorkflowPollTask 
11:04:47.525 { } [Workflow Poller taskQueue="WorkflowTest-testChild-d98707c8-81bd-42d4-a964-de6f680b9559", namespace="UnitTest": 4] INFO  io.temporal.internal.worker.Poller - poll loop is terminated: WorkflowPollTask 
11:04:47.526 { } [Test worker] INFO  i.t.s.TestServiceStubsImpl - shutdownNow 
11:04:47.526 { } [Test worker] INFO  i.t.s.OperatorServiceStubsImpl - shutdownNow 
11:04:47.525 { } [Workflow Poller taskQueue="WorkflowTest-testChild-d98707c8-81bd-42d4-a964-de6f680b9559", namespace="UnitTest": 5] INFO  io.temporal.internal.worker.Poller - poll loop is terminated: WorkflowPollTask 
11:04:47.525 { } [Workflow Poller taskQueue="WorkflowTest-testChild-d98707c8-81bd-42d4-a964-de6f680b9559", namespace="UnitTest": 3] INFO  io.temporal.internal.worker.Poller - poll loop is terminated: WorkflowPollTask 
11:04:47.526 { } [Test worker] INFO  io.temporal.worker.WorkerFactory - shutdownNow: WorkerFactory{identity=78715@himanshukapoor} 
11:04:47.526 { } [Test worker] INFO  io.temporal.internal.worker.Poller - shutdown: Poller{name=Workflow Poller taskQueue="WorkflowTest-testChild-d98707c8-81bd-42d4-a964-de6f680b9559", namespace="UnitTest", identity=78715@himanshukapoor} 
11:04:47.526 { } [Test worker] INFO  io.temporal.worker.WorkerFactory - awaitTermination begin: WorkerFactory{identity=78715@himanshukapoor} 
11:04:47.526 { } [Test worker] INFO  io.temporal.worker.WorkerFactory - awaitTermination done: WorkerFactory{identity=78715@himanshukapoor} 
11:04:47.526 { } [Test worker] INFO  i.t.s.WorkflowServiceStubsImpl - shutdownNow 
11:04:47.526 { } [Test worker] INFO  io.temporal.testserver.TestServer - Shutting down in-process gRPC server 
11:04:47.526 { } [Test worker] INFO  io.temporal.testserver.TestServer - Shutting down gRPC Services 
11:04:47.528 { } [Test worker] INFO  i.t.s.WorkflowServiceStubsImpl - Created WorkflowServiceStubs for channel: ManagedChannelOrphanWrapper{delegate=ManagedChannelImpl{logId=196, target=directaddress:///f0d51f27-478f-4429-94b3-ac1c761ed5a7}} 
11:04:47.528 { } [Test worker] INFO  i.t.s.TestServiceStubsImpl - Created TestServiceStubs for channel: ManagedChannelOrphanWrapper{delegate=ManagedChannelImpl{logId=196, target=directaddress:///f0d51f27-478f-4429-94b3-ac1c761ed5a7}} 
11:04:47.528 { } [Test worker] INFO  i.t.s.OperatorServiceStubsImpl - Created OperatorServiceStubs for channel: ManagedChannelOrphanWrapper{delegate=ManagedChannelImpl{logId=196, target=directaddress:///f0d51f27-478f-4429-94b3-ac1c761ed5a7}} 
11:04:47.530 { } [Test worker] INFO  io.temporal.internal.worker.Poller - start: Poller{name=Workflow Poller taskQueue="WorkflowTest-testMockedChild-4e864738-8012-4004-93b4-7a1682c52fb1", namespace="UnitTest", identity=78715@himanshukapoor} 
11:04:47.543 { } [Test worker] INFO  io.temporal.worker.WorkerFactory - shutdown: WorkerFactory{identity=78715@himanshukapoor} 
11:04:47.543 { } [Test worker] INFO  io.temporal.internal.worker.Poller - shutdown: Poller{name=Workflow Poller taskQueue="WorkflowTest-testMockedChild-4e864738-8012-4004-93b4-7a1682c52fb1", namespace="UnitTest", identity=78715@himanshukapoor} 
11:04:47.543 { } [Workflow Poller taskQueue="WorkflowTest-testMockedChild-4e864738-8012-4004-93b4-7a1682c52fb1", namespace="UnitTest": 4] INFO  io.temporal.internal.worker.Poller - poll loop is terminated: WorkflowPollTask 
11:04:47.543 { } [Workflow Poller taskQueue="WorkflowTest-testMockedChild-4e864738-8012-4004-93b4-7a1682c52fb1", namespace="UnitTest": 3] INFO  io.temporal.internal.worker.Poller - poll loop is terminated: WorkflowPollTask 
11:04:47.543 { } [Workflow Poller taskQueue="WorkflowTest-testMockedChild-4e864738-8012-4004-93b4-7a1682c52fb1", namespace="UnitTest": 1] INFO  io.temporal.internal.worker.Poller - poll loop is terminated: WorkflowPollTask 
11:04:47.543 { } [Workflow Poller taskQueue="WorkflowTest-testMockedChild-4e864738-8012-4004-93b4-7a1682c52fb1", namespace="UnitTest": 2] INFO  io.temporal.internal.worker.Poller - poll loop is terminated: WorkflowPollTask 
11:04:47.543 { } [Test worker] INFO  i.t.s.TestServiceStubsImpl - shutdownNow 
11:04:47.543 { } [Test worker] INFO  i.t.s.OperatorServiceStubsImpl - shutdownNow 
11:04:47.543 { } [Test worker] INFO  io.temporal.worker.WorkerFactory - shutdownNow: WorkerFactory{identity=78715@himanshukapoor} 
11:04:47.543 { } [Workflow Poller taskQueue="WorkflowTest-testMockedChild-4e864738-8012-4004-93b4-7a1682c52fb1", namespace="UnitTest": 5] INFO  io.temporal.internal.worker.Poller - poll loop is terminated: WorkflowPollTask 
11:04:47.543 { } [Test worker] INFO  io.temporal.internal.worker.Poller - shutdown: Poller{name=Workflow Poller taskQueue="WorkflowTest-testMockedChild-4e864738-8012-4004-93b4-7a1682c52fb1", namespace="UnitTest", identity=78715@himanshukapoor} 
11:04:47.543 { } [Test worker] INFO  io.temporal.worker.WorkerFactory - awaitTermination begin: WorkerFactory{identity=78715@himanshukapoor} 
11:04:47.543 { } [Test worker] INFO  io.temporal.worker.WorkerFactory - awaitTermination done: WorkerFactory{identity=78715@himanshukapoor} 
11:04:47.543 { } [Test worker] INFO  i.t.s.WorkflowServiceStubsImpl - shutdownNow 
11:04:47.543 { } [Test worker] INFO  io.temporal.testserver.TestServer - Shutting down in-process gRPC server 
11:04:47.544 { } [Test worker] INFO  io.temporal.testserver.TestServer - Shutting down gRPC Services 
]]></system-out>
  <system-err><![CDATA[]]></system-err>
</testsuite>
