<?xml version="1.0" encoding="UTF-8"?>
<testsuite name="io.temporal.samples.hello.HelloActivityExclusiveChoiceTest" tests="1" skipped="0" failures="0" errors="0" timestamp="2023-11-17T10:04:27" hostname="himanshukapoor" time="0.524">
  <properties/>
  <testcase name="testWorkflow" classname="io.temporal.samples.hello.HelloActivityExclusiveChoiceTest" time="0.524"/>
  <system-out><![CDATA[11:04:27.995 { } [Test worker] INFO  i.t.s.WorkflowServiceStubsImpl - Created WorkflowServiceStubs for channel: ManagedChannelOrphanWrapper{delegate=ManagedChannelImpl{logId=113, target=directaddress:///ec70989b-4134-4042-8b09-fe7f59a38fbf}} 
11:04:27.995 { } [Test worker] INFO  i.t.s.TestServiceStubsImpl - Created TestServiceStubs for channel: ManagedChannelOrphanWrapper{delegate=ManagedChannelImpl{logId=113, target=directaddress:///ec70989b-4134-4042-8b09-fe7f59a38fbf}} 
11:04:27.995 { } [Test worker] INFO  i.t.s.OperatorServiceStubsImpl - Created OperatorServiceStubs for channel: ManagedChannelOrphanWrapper{delegate=ManagedChannelImpl{logId=113, target=directaddress:///ec70989b-4134-4042-8b09-fe7f59a38fbf}} 
11:04:27.996 { } [Test worker] INFO  io.temporal.internal.worker.Poller - start: Poller{name=Workflow Poller taskQueue="WorkflowTest-testWorkflow-05281caa-d4ff-43ee-84cf-e34aa6b3fadc", namespace="UnitTest", identity=78715@himanshukapoor} 
11:04:27.996 { } [Test worker] INFO  io.temporal.internal.worker.Poller - start: Poller{name=Activity Poller taskQueue="WorkflowTest-testWorkflow-05281caa-d4ff-43ee-84cf-e34aa6b3fadc", namespace="UnitTest", identity=78715@himanshukapoor} 
11:04:28.000 { } [Test worker] INFO  i.t.s.TestServiceStubsImpl - shutdownNow 
11:04:28.000 { } [Test worker] INFO  i.t.s.OperatorServiceStubsImpl - shutdownNow 
11:04:28.000 { } [Test worker] INFO  io.temporal.worker.WorkerFactory - shutdownNow: WorkerFactory{identity=78715@himanshukapoor} 
11:04:28.000 { } [Test worker] INFO  io.temporal.internal.worker.Poller - shutdown: Poller{name=Workflow Poller taskQueue="WorkflowTest-testWorkflow-05281caa-d4ff-43ee-84cf-e34aa6b3fadc", namespace="UnitTest", identity=78715@himanshukapoor} 
11:04:28.000 { } [Workflow Poller taskQueue="WorkflowTest-testWorkflow-05281caa-d4ff-43ee-84cf-e34aa6b3fadc", namespace="UnitTest": 3] INFO  io.temporal.internal.worker.Poller - poll loop is terminated: WorkflowPollTask 
11:04:28.000 { } [Workflow Poller taskQueue="WorkflowTest-testWorkflow-05281caa-d4ff-43ee-84cf-e34aa6b3fadc", namespace="UnitTest": 5] INFO  io.temporal.internal.worker.Poller - poll loop is terminated: WorkflowPollTask 
11:04:28.000 { } [Workflow Poller taskQueue="WorkflowTest-testWorkflow-05281caa-d4ff-43ee-84cf-e34aa6b3fadc", namespace="UnitTest": 2] INFO  io.temporal.internal.worker.Poller - poll loop is terminated: WorkflowPollTask 
11:04:28.000 { } [Workflow Poller taskQueue="WorkflowTest-testWorkflow-05281caa-d4ff-43ee-84cf-e34aa6b3fadc", namespace="UnitTest": 4] INFO  io.temporal.internal.worker.Poller - poll loop is terminated: WorkflowPollTask 
11:04:28.000 { } [Workflow Poller taskQueue="WorkflowTest-testWorkflow-05281caa-d4ff-43ee-84cf-e34aa6b3fadc", namespace="UnitTest": 1] INFO  io.temporal.internal.worker.Poller - poll loop is terminated: WorkflowPollTask 
11:04:28.001 { } [TemporalShutdownManager: 1] INFO  io.temporal.internal.worker.Poller - shutdown: Poller{name=Activity Poller taskQueue="WorkflowTest-testWorkflow-05281caa-d4ff-43ee-84cf-e34aa6b3fadc", namespace="UnitTest", identity=78715@himanshukapoor} 
11:04:28.001 { } [Test worker] INFO  io.temporal.worker.WorkerFactory - awaitTermination begin: WorkerFactory{identity=78715@himanshukapoor} 
11:04:28.001 { } [Activity Poller taskQueue="WorkflowTest-testWorkflow-05281caa-d4ff-43ee-84cf-e34aa6b3fadc", namespace="UnitTest": 4] INFO  io.temporal.internal.worker.Poller - poll loop is terminated: ActivityPollTask 
11:04:28.001 { } [Activity Poller taskQueue="WorkflowTest-testWorkflow-05281caa-d4ff-43ee-84cf-e34aa6b3fadc", namespace="UnitTest": 1] INFO  io.temporal.internal.worker.Poller - poll loop is terminated: ActivityPollTask 
11:04:28.001 { } [Activity Poller taskQueue="WorkflowTest-testWorkflow-05281caa-d4ff-43ee-84cf-e34aa6b3fadc", namespace="UnitTest": 5] INFO  io.temporal.internal.worker.Poller - poll loop is terminated: ActivityPollTask 
11:04:28.001 { } [Activity Poller taskQueue="WorkflowTest-testWorkflow-05281caa-d4ff-43ee-84cf-e34aa6b3fadc", namespace="UnitTest": 2] INFO  io.temporal.internal.worker.Poller - poll loop is terminated: ActivityPollTask 
11:04:28.001 { } [Activity Poller taskQueue="WorkflowTest-testWorkflow-05281caa-d4ff-43ee-84cf-e34aa6b3fadc", namespace="UnitTest": 3] INFO  io.temporal.internal.worker.Poller - poll loop is terminated: ActivityPollTask 
11:04:28.516 { } [Test worker] INFO  io.temporal.worker.WorkerFactory - awaitTermination done: WorkerFactory{identity=78715@himanshukapoor} 
11:04:28.517 { } [Test worker] INFO  i.t.s.WorkflowServiceStubsImpl - shutdownNow 
11:04:28.517 { } [Test worker] INFO  io.temporal.testserver.TestServer - Shutting down in-process gRPC server 
11:04:28.517 { } [Test worker] INFO  io.temporal.testserver.TestServer - Shutting down gRPC Services 
]]></system-out>
  <system-err><![CDATA[]]></system-err>
</testsuite>
