<?xml version="1.0" encoding="UTF-8"?>
<testsuite name="io.temporal.samples.polling.InfrequentPollingTest" tests="1" skipped="0" failures="0" errors="0" timestamp="2023-11-17T10:05:06" hostname="himanshukapoor" time="0.549">
  <properties/>
  <testcase name="testInfrequentPoll" classname="io.temporal.samples.polling.InfrequentPollingTest" time="0.549"/>
  <system-out><![CDATA[11:05:06.248 { } [Test worker] INFO  i.t.s.WorkflowServiceStubsImpl - Created WorkflowServiceStubs for channel: ManagedChannelOrphanWrapper{delegate=ManagedChannelImpl{logId=331, target=directaddress:///a09a885f-120b-40f9-99d2-7dcc31739bb0}} 
11:05:06.249 { } [Test worker] INFO  i.t.s.TestServiceStubsImpl - Created TestServiceStubs for channel: ManagedChannelOrphanWrapper{delegate=ManagedChannelImpl{logId=331, target=directaddress:///a09a885f-120b-40f9-99d2-7dcc31739bb0}} 
11:05:06.249 { } [Test worker] INFO  i.t.s.OperatorServiceStubsImpl - Created OperatorServiceStubs for channel: ManagedChannelOrphanWrapper{delegate=ManagedChannelImpl{logId=331, target=directaddress:///a09a885f-120b-40f9-99d2-7dcc31739bb0}} 
11:05:06.251 { } [Test worker] INFO  io.temporal.internal.worker.Poller - start: Poller{name=Workflow Poller taskQueue="WorkflowTest-testInfrequentPoll-2697f313-092a-4b36-90ee-cf1ac05fac38", namespace="UnitTest", identity=78715@himanshukapoor} 
11:05:06.252 { } [Test worker] INFO  io.temporal.internal.worker.Poller - start: Poller{name=Activity Poller taskQueue="WorkflowTest-testInfrequentPoll-2697f313-092a-4b36-90ee-cf1ac05fac38", namespace="UnitTest", identity=78715@himanshukapoor} 
11:05:06.257 {004fc537-611a-47c4-9052-2104f27ec4de b6021392-c11a-3964-b933-0355efb4030f} [Activity Executor taskQueue="WorkflowTest-testInfrequentPoll-2697f313-092a-4b36-90ee-cf1ac05fac38", namespace="UnitTest": 1] WARN  i.t.i.a.ActivityTaskExecutors$ActivityTaskExecutor - Activity failure. ActivityId=b6021392-c11a-3964-b933-0355efb4030f, activityType=DoPoll, attempt=1 
io.temporal.samples.polling.TestService$TestServiceException: Service is down
	at io.temporal.samples.polling.TestService.getServiceResult(TestService.java:41)
	at io.temporal.samples.polling.infrequent.InfrequentPollingActivityImpl.doPoll(InfrequentPollingActivityImpl.java:36)
	at java.base/jdk.internal.reflect.NativeMethodAccessorImpl.invoke0(Native Method)
	at java.base/jdk.internal.reflect.NativeMethodAccessorImpl.invoke(NativeMethodAccessorImpl.java:77)
	at java.base/jdk.internal.reflect.DelegatingMethodAccessorImpl.invoke(DelegatingMethodAccessorImpl.java:43)
	at java.base/java.lang.reflect.Method.invoke(Method.java:568)
	at io.temporal.internal.activity.RootActivityInboundCallsInterceptor$POJOActivityInboundCallsInterceptor.executeActivity(RootActivityInboundCallsInterceptor.java:64)
	at io.temporal.internal.activity.RootActivityInboundCallsInterceptor.execute(RootActivityInboundCallsInterceptor.java:43)
	at io.temporal.internal.activity.ActivityTaskExecutors$BaseActivityTaskExecutor.execute(ActivityTaskExecutors.java:107)
	at io.temporal.internal.activity.ActivityTaskHandlerImpl.handle(ActivityTaskHandlerImpl.java:124)
	at io.temporal.internal.worker.ActivityWorker$TaskHandlerImpl.handleActivity(ActivityWorker.java:278)
	at io.temporal.internal.worker.ActivityWorker$TaskHandlerImpl.handle(ActivityWorker.java:243)
	at io.temporal.internal.worker.ActivityWorker$TaskHandlerImpl.handle(ActivityWorker.java:216)
	at io.temporal.internal.worker.PollTaskExecutor.lambda$process$0(PollTaskExecutor.java:105)
	at java.base/java.util.concurrent.ThreadPoolExecutor.runWorker(ThreadPoolExecutor.java:1136)
	at java.base/java.util.concurrent.ThreadPoolExecutor$Worker.run(ThreadPoolExecutor.java:635)
	at java.base/java.lang.Thread.run(Thread.java:833)
11:05:06.258 {004fc537-611a-47c4-9052-2104f27ec4de b6021392-c11a-3964-b933-0355efb4030f} [Activity Executor taskQueue="WorkflowTest-testInfrequentPoll-2697f313-092a-4b36-90ee-cf1ac05fac38", namespace="UnitTest": 1] WARN  i.t.i.a.ActivityTaskExecutors$ActivityTaskExecutor - Activity failure. ActivityId=b6021392-c11a-3964-b933-0355efb4030f, activityType=DoPoll, attempt=2 
io.temporal.samples.polling.TestService$TestServiceException: Service is down
	at io.temporal.samples.polling.TestService.getServiceResult(TestService.java:41)
	at io.temporal.samples.polling.infrequent.InfrequentPollingActivityImpl.doPoll(InfrequentPollingActivityImpl.java:36)
	at java.base/jdk.internal.reflect.NativeMethodAccessorImpl.invoke0(Native Method)
	at java.base/jdk.internal.reflect.NativeMethodAccessorImpl.invoke(NativeMethodAccessorImpl.java:77)
	at java.base/jdk.internal.reflect.DelegatingMethodAccessorImpl.invoke(DelegatingMethodAccessorImpl.java:43)
	at java.base/java.lang.reflect.Method.invoke(Method.java:568)
	at io.temporal.internal.activity.RootActivityInboundCallsInterceptor$POJOActivityInboundCallsInterceptor.executeActivity(RootActivityInboundCallsInterceptor.java:64)
	at io.temporal.internal.activity.RootActivityInboundCallsInterceptor.execute(RootActivityInboundCallsInterceptor.java:43)
	at io.temporal.internal.activity.ActivityTaskExecutors$BaseActivityTaskExecutor.execute(ActivityTaskExecutors.java:107)
	at io.temporal.internal.activity.ActivityTaskHandlerImpl.handle(ActivityTaskHandlerImpl.java:124)
	at io.temporal.internal.worker.ActivityWorker$TaskHandlerImpl.handleActivity(ActivityWorker.java:278)
	at io.temporal.internal.worker.ActivityWorker$TaskHandlerImpl.handle(ActivityWorker.java:243)
	at io.temporal.internal.worker.ActivityWorker$TaskHandlerImpl.handle(ActivityWorker.java:216)
	at io.temporal.internal.worker.PollTaskExecutor.lambda$process$0(PollTaskExecutor.java:105)
	at java.base/java.util.concurrent.ThreadPoolExecutor.runWorker(ThreadPoolExecutor.java:1136)
	at java.base/java.util.concurrent.ThreadPoolExecutor$Worker.run(ThreadPoolExecutor.java:635)
	at java.base/java.lang.Thread.run(Thread.java:833)
11:05:06.259 {004fc537-611a-47c4-9052-2104f27ec4de b6021392-c11a-3964-b933-0355efb4030f} [Activity Executor taskQueue="WorkflowTest-testInfrequentPoll-2697f313-092a-4b36-90ee-cf1ac05fac38", namespace="UnitTest": 1] WARN  i.t.i.a.ActivityTaskExecutors$ActivityTaskExecutor - Activity failure. ActivityId=b6021392-c11a-3964-b933-0355efb4030f, activityType=DoPoll, attempt=3 
io.temporal.samples.polling.TestService$TestServiceException: Service is down
	at io.temporal.samples.polling.TestService.getServiceResult(TestService.java:41)
	at io.temporal.samples.polling.infrequent.InfrequentPollingActivityImpl.doPoll(InfrequentPollingActivityImpl.java:36)
	at java.base/jdk.internal.reflect.NativeMethodAccessorImpl.invoke0(Native Method)
	at java.base/jdk.internal.reflect.NativeMethodAccessorImpl.invoke(NativeMethodAccessorImpl.java:77)
	at java.base/jdk.internal.reflect.DelegatingMethodAccessorImpl.invoke(DelegatingMethodAccessorImpl.java:43)
	at java.base/java.lang.reflect.Method.invoke(Method.java:568)
	at io.temporal.internal.activity.RootActivityInboundCallsInterceptor$POJOActivityInboundCallsInterceptor.executeActivity(RootActivityInboundCallsInterceptor.java:64)
	at io.temporal.internal.activity.RootActivityInboundCallsInterceptor.execute(RootActivityInboundCallsInterceptor.java:43)
	at io.temporal.internal.activity.ActivityTaskExecutors$BaseActivityTaskExecutor.execute(ActivityTaskExecutors.java:107)
	at io.temporal.internal.activity.ActivityTaskHandlerImpl.handle(ActivityTaskHandlerImpl.java:124)
	at io.temporal.internal.worker.ActivityWorker$TaskHandlerImpl.handleActivity(ActivityWorker.java:278)
	at io.temporal.internal.worker.ActivityWorker$TaskHandlerImpl.handle(ActivityWorker.java:243)
	at io.temporal.internal.worker.ActivityWorker$TaskHandlerImpl.handle(ActivityWorker.java:216)
	at io.temporal.internal.worker.PollTaskExecutor.lambda$process$0(PollTaskExecutor.java:105)
	at java.base/java.util.concurrent.ThreadPoolExecutor.runWorker(ThreadPoolExecutor.java:1136)
	at java.base/java.util.concurrent.ThreadPoolExecutor$Worker.run(ThreadPoolExecutor.java:635)
	at java.base/java.lang.Thread.run(Thread.java:833)
11:05:06.260 {004fc537-611a-47c4-9052-2104f27ec4de b6021392-c11a-3964-b933-0355efb4030f} [Activity Executor taskQueue="WorkflowTest-testInfrequentPoll-2697f313-092a-4b36-90ee-cf1ac05fac38", namespace="UnitTest": 1] WARN  i.t.i.a.ActivityTaskExecutors$ActivityTaskExecutor - Activity failure. ActivityId=b6021392-c11a-3964-b933-0355efb4030f, activityType=DoPoll, attempt=4 
io.temporal.samples.polling.TestService$TestServiceException: Service is down
	at io.temporal.samples.polling.TestService.getServiceResult(TestService.java:41)
	at io.temporal.samples.polling.infrequent.InfrequentPollingActivityImpl.doPoll(InfrequentPollingActivityImpl.java:36)
	at java.base/jdk.internal.reflect.NativeMethodAccessorImpl.invoke0(Native Method)
	at java.base/jdk.internal.reflect.NativeMethodAccessorImpl.invoke(NativeMethodAccessorImpl.java:77)
	at java.base/jdk.internal.reflect.DelegatingMethodAccessorImpl.invoke(DelegatingMethodAccessorImpl.java:43)
	at java.base/java.lang.reflect.Method.invoke(Method.java:568)
	at io.temporal.internal.activity.RootActivityInboundCallsInterceptor$POJOActivityInboundCallsInterceptor.executeActivity(RootActivityInboundCallsInterceptor.java:64)
	at io.temporal.internal.activity.RootActivityInboundCallsInterceptor.execute(RootActivityInboundCallsInterceptor.java:43)
	at io.temporal.internal.activity.ActivityTaskExecutors$BaseActivityTaskExecutor.execute(ActivityTaskExecutors.java:107)
	at io.temporal.internal.activity.ActivityTaskHandlerImpl.handle(ActivityTaskHandlerImpl.java:124)
	at io.temporal.internal.worker.ActivityWorker$TaskHandlerImpl.handleActivity(ActivityWorker.java:278)
	at io.temporal.internal.worker.ActivityWorker$TaskHandlerImpl.handle(ActivityWorker.java:243)
	at io.temporal.internal.worker.ActivityWorker$TaskHandlerImpl.handle(ActivityWorker.java:216)
	at io.temporal.internal.worker.PollTaskExecutor.lambda$process$0(PollTaskExecutor.java:105)
	at java.base/java.util.concurrent.ThreadPoolExecutor.runWorker(ThreadPoolExecutor.java:1136)
	at java.base/java.util.concurrent.ThreadPoolExecutor$Worker.run(ThreadPoolExecutor.java:635)
	at java.base/java.lang.Thread.run(Thread.java:833)
11:05:06.262 { } [Test worker] INFO  i.t.s.TestServiceStubsImpl - shutdownNow 
11:05:06.262 { } [Test worker] INFO  i.t.s.OperatorServiceStubsImpl - shutdownNow 
11:05:06.262 { } [Test worker] INFO  io.temporal.worker.WorkerFactory - shutdownNow: WorkerFactory{identity=78715@himanshukapoor} 
11:05:06.262 { } [Test worker] INFO  io.temporal.internal.worker.Poller - shutdown: Poller{name=Workflow Poller taskQueue="WorkflowTest-testInfrequentPoll-2697f313-092a-4b36-90ee-cf1ac05fac38", namespace="UnitTest", identity=78715@himanshukapoor} 
11:05:06.263 { } [Workflow Poller taskQueue="WorkflowTest-testInfrequentPoll-2697f313-092a-4b36-90ee-cf1ac05fac38", namespace="UnitTest": 5] INFO  io.temporal.internal.worker.Poller - poll loop is terminated: WorkflowPollTask 
11:05:06.263 { } [Workflow Poller taskQueue="WorkflowTest-testInfrequentPoll-2697f313-092a-4b36-90ee-cf1ac05fac38", namespace="UnitTest": 2] INFO  io.temporal.internal.worker.Poller - poll loop is terminated: WorkflowPollTask 
11:05:06.263 { } [Workflow Poller taskQueue="WorkflowTest-testInfrequentPoll-2697f313-092a-4b36-90ee-cf1ac05fac38", namespace="UnitTest": 1] INFO  io.temporal.internal.worker.Poller - poll loop is terminated: WorkflowPollTask 
11:05:06.263 { } [Workflow Poller taskQueue="WorkflowTest-testInfrequentPoll-2697f313-092a-4b36-90ee-cf1ac05fac38", namespace="UnitTest": 4] INFO  io.temporal.internal.worker.Poller - poll loop is terminated: WorkflowPollTask 
11:05:06.263 { } [Workflow Poller taskQueue="WorkflowTest-testInfrequentPoll-2697f313-092a-4b36-90ee-cf1ac05fac38", namespace="UnitTest": 3] INFO  io.temporal.internal.worker.Poller - poll loop is terminated: WorkflowPollTask 
11:05:06.263 { } [Test worker] INFO  io.temporal.worker.WorkerFactory - awaitTermination begin: WorkerFactory{identity=78715@himanshukapoor} 
11:05:06.263 { } [TemporalShutdownManager: 1] INFO  io.temporal.internal.worker.Poller - shutdown: Poller{name=Activity Poller taskQueue="WorkflowTest-testInfrequentPoll-2697f313-092a-4b36-90ee-cf1ac05fac38", namespace="UnitTest", identity=78715@himanshukapoor} 
11:05:06.263 { } [Activity Poller taskQueue="WorkflowTest-testInfrequentPoll-2697f313-092a-4b36-90ee-cf1ac05fac38", namespace="UnitTest": 3] INFO  io.temporal.internal.worker.Poller - poll loop is terminated: ActivityPollTask 
11:05:06.263 { } [Activity Poller taskQueue="WorkflowTest-testInfrequentPoll-2697f313-092a-4b36-90ee-cf1ac05fac38", namespace="UnitTest": 2] INFO  io.temporal.internal.worker.Poller - poll loop is terminated: ActivityPollTask 
11:05:06.263 { } [Activity Poller taskQueue="WorkflowTest-testInfrequentPoll-2697f313-092a-4b36-90ee-cf1ac05fac38", namespace="UnitTest": 5] INFO  io.temporal.internal.worker.Poller - poll loop is terminated: ActivityPollTask 
11:05:06.263 { } [Activity Poller taskQueue="WorkflowTest-testInfrequentPoll-2697f313-092a-4b36-90ee-cf1ac05fac38", namespace="UnitTest": 1] INFO  io.temporal.internal.worker.Poller - poll loop is terminated: ActivityPollTask 
11:05:06.263 { } [Activity Poller taskQueue="WorkflowTest-testInfrequentPoll-2697f313-092a-4b36-90ee-cf1ac05fac38", namespace="UnitTest": 4] INFO  io.temporal.internal.worker.Poller - poll loop is terminated: ActivityPollTask 
11:05:06.772 { } [Test worker] INFO  io.temporal.worker.WorkerFactory - awaitTermination done: WorkerFactory{identity=78715@himanshukapoor} 
11:05:06.773 { } [Test worker] INFO  i.t.s.WorkflowServiceStubsImpl - shutdownNow 
11:05:06.773 { } [Test worker] INFO  io.temporal.testserver.TestServer - Shutting down in-process gRPC server 
11:05:06.773 { } [Test worker] INFO  io.temporal.testserver.TestServer - Shutting down gRPC Services 
]]></system-out>
  <system-err><![CDATA[]]></system-err>
</testsuite>
